Log file open, 04/28/17 11:00:20
LogInit:Display: Running engine for game: github
LogPlatformFile: Not using cached read wrapper
LogInit:Display: RandInit(-991316618) SRandInit(-991316617).
LogTaskGraph: Started task graph with 5 named threads and 8 total threads with 1 sets of task threads.
LogStats: Stats thread started at 0.085293
LogInit: Using libcurl 7.47.1
LogInit:  - built for x86_64-pc-win32
LogInit:  - supports SSL with OpenSSL/1.0.2g
LogInit:  - supports HTTP deflate (compression) using libz 1.2.8
LogInit:  - other features:
LogInit:      CURL_VERSION_SSL
LogInit:      CURL_VERSION_LIBZ
LogInit:      CURL_VERSION_IPV6
LogInit:      CURL_VERSION_ASYNCHDNS
LogInit:      CURL_VERSION_LARGEFILE
LogInit:      CURL_VERSION_IDN
LogInit:  CurlRequestOptions (configurable via config and command line):
LogInit:  - bVerifyPeer = false  - Libcurl will NOT verify peer certificate
LogInit:  - bUseHttpProxy = false  - Libcurl will NOT use HTTP proxy
LogInit:  - bDontReuseConnections = false  - Libcurl will reuse connections
LogInit:  - CertBundlePath = nullptr  - Libcurl will use whatever was configured at build time.
LogInit: Build: ++UE4+Release-4.15-CL-3348071
LogInit: Engine Version: 4.15.1-3348071+++UE4+Release-4.15
LogInit: Compatible Engine Version: 4.15.0-3299760+++UE4+Release-4.15
LogInit: Net CL: 3299760
LogDevObjectVersion: Number of dev versions registered: 14
LogDevObjectVersion:   Dev-Blueprints (B0D832E4-1F89-4F0D-ACCF-7EB736FD4AA2): 8
LogDevObjectVersion:   Dev-Build (E1C64328-A22C-4D53-A36C-8E866417BD8C): 0
LogDevObjectVersion:   Dev-Core (375EC13C-06E4-48FB-B500-84F0262A717E): 2
LogDevObjectVersion:   Dev-Editor (E4B068ED-F494-42E9-A231-DA0B2E46BB41): 14
LogDevObjectVersion:   Dev-Framework (CFFC743F-43B0-4480-9391-14DF171D2073): 22
LogDevObjectVersion:   Dev-Mobile (B02B49B5-BB20-44E9-A304-32B752E40360): 0
LogDevObjectVersion:   Dev-Networking (A4E4105C-59A1-49B5-A7C5-40C4547EDFEE): 0
LogDevObjectVersion:   Dev-Online (39C831C9-5AE6-47DC-9A44-9C173E1C8E7C): 0
LogDevObjectVersion:   Dev-Physics (78F01B33-EBEA-4F98-B9B4-84EACCB95AA2): 0
LogDevObjectVersion:   Dev-Platform (6631380F-2D4D-43E0-8009-CF276956A95A): 0
LogDevObjectVersion:   Dev-Rendering (12F88B9F-8875-4AFC-A67C-D90C383ABD29): 12
LogDevObjectVersion:   Dev-Sequencer (7B5AE74C-D270-4C10-A958-57980B212A5A): 3
LogDevObjectVersion:   Dev-VR (D7296918-1DD6-4BDD-9DE2-64A83CC13884): 0
LogDevObjectVersion:   Dev-LoadTimes (C2A15278-BFE7-4AFE-6C17-90FF531DF755): 1
LogInit: Compiled (64-bit): Mar 15 2017 16:52:47
LogInit: Compiled with Visual C++: 19.00.23026.00
LogInit: Build Configuration: Development
LogInit: Branch Name: ++UE4+Release-4.15
LogInit: Command line: -EpicPortal 
LogInit: Base directory: C:/Program Files/Epic Games/UE_4.15/Engine/Binaries/Win64/
LogInit: Installed Engine Build: 1
LogInit: Presizing for max 8388607 objects, including 0 objects not considered by GC, pre-allocating 0 bytes for permanent pool.
LogInit: Object subsystem initialized
[2017.04.28-18.00.21:908][  0]LogInit: Selected Device Profile: [Windows]
[2017.04.28-18.00.21:908][  0]LogInit: Applying CVar settings loaded from the selected device profile: [Windows]
[2017.04.28-18.00.21:919][  0]LogInit: Computer: JB360-26
[2017.04.28-18.00.21:919][  0]LogInit: User: 003866797
[2017.04.28-18.00.21:919][  0]LogInit: CPU Page size=65536, Cores=4
[2017.04.28-18.00.21:919][  0]LogInit: High frequency timer resolution =3.507521 MHz
[2017.04.28-18.00.21:919][  0]LogMemory: Memory total: Physical=31.9GB (32GB approx)
[2017.04.28-18.00.21:919][  0]LogMemory: Platform Memory Stats for Windows
[2017.04.28-18.00.21:919][  0]LogMemory: Process Physical Memory: 263.28 MB used, 263.28 MB peak
[2017.04.28-18.00.21:919][  0]LogMemory: Process Virtual Memory: 262.57 MB used, 262.57 MB peak
[2017.04.28-18.00.21:919][  0]LogMemory: Physical Memory: 5436.43 MB used,  27273.72 MB free, 32710.14 MB total
[2017.04.28-18.00.21:919][  0]LogMemory: Virtual Memory: 645.11 MB used,  27273.72 MB free, 134217728.00 MB total
[2017.04.28-18.00.22:039][  0]LogTextLocalizationManager: No specific translations for ('en-US') exist, so ('en') translations will be used.
[2017.04.28-18.00.22:830][  0]LogD3D11RHI: D3D11 adapters:
[2017.04.28-18.00.22:848][  0]LogD3D11RHI:    0. 'NVIDIA GeForce GTX 745' (Feature Level 11_0)
[2017.04.28-18.00.22:848][  0]LogD3D11RHI:       4062/0/16355 MB DedicatedVideo/DedicatedSystem/SharedSystem, Outputs:1, VendorId:0x10de
[2017.04.28-18.00.22:850][  0]LogD3D11RHI:    1. 'Microsoft Basic Render Driver' (Feature Level 11_0)
[2017.04.28-18.00.22:850][  0]LogD3D11RHI:       0/0/16355 MB DedicatedVideo/DedicatedSystem/SharedSystem, Outputs:0, VendorId:0x1414
[2017.04.28-18.00.22:850][  0]LogD3D11RHI: Chosen D3D11 Adapter: 0
[2017.04.28-18.00.22:853][  0]LogD3D11RHI: Creating new Direct3DDevice
[2017.04.28-18.00.22:853][  0]LogD3D11RHI:     GPU DeviceId: 0x1382 (for the marketing name, search the web for "GPU Device Id")
[2017.04.28-18.00.22:853][  0]LogWindows: EnumDisplayDevices:
[2017.04.28-18.00.22:853][  0]LogWindows:    0. 'NVIDIA GeForce GTX 745' (P:1 D:1)
[2017.04.28-18.00.22:853][  0]LogWindows:    1. 'NVIDIA GeForce GTX 745' (P:0 D:0)
[2017.04.28-18.00.22:854][  0]LogWindows:    2. 'NVIDIA GeForce GTX 745' (P:0 D:0)
[2017.04.28-18.00.22:854][  0]LogWindows: DebugString: FoundDriverCount:3 
[2017.04.28-18.00.22:854][  0]LogD3D11RHI:     Adapter Name: NVIDIA GeForce GTX 745
[2017.04.28-18.00.22:854][  0]LogD3D11RHI:   Driver Version: 376.53 (internal:21.21.13.7653, unified:376.53)
[2017.04.28-18.00.22:854][  0]LogD3D11RHI:      Driver Date: 12-29-2016
[2017.04.28-18.00.22:854][  0]LogRHI: Texture pool is 1361 MB (70% of 1945 MB)
[2017.04.28-18.00.22:866][  0]LogD3D11RHI: Async texture creation enabled
[2017.04.28-18.00.22:877][  0]LogD3D11RHI: GPU Timing Frequency: 1000.000000 (Debug: 2 1)
[2017.04.28-18.00.22:925][  0]LogShaderCompilers: Guid format shader working directory is -16 characters bigger than the processId version (../../../../../../Users/003866797/Documents/Unreal Projects/github/Intermediate/Shaders/WorkingDirectory/9856/).
[2017.04.28-18.00.22:926][  0]LogShaderCompilers: Cleaned the shader compiler working directory 'C:/Users/003866797/AppData/Local/Temp/UnrealShaderWorkingDir/F5155CF94458DF48F9D79981D483AF9A/'.
[2017.04.28-18.00.22:926][  0]LogShaderCompilers:Display: Using Local Shader Compiler.
[2017.04.28-18.00.24:041][  0]LogTemp:Display: Loaded TP AllDesktopTargetPlatform
[2017.04.28-18.00.24:118][  0]LogTemp:Display: Loaded TP MacClientTargetPlatform
[2017.04.28-18.00.24:194][  0]LogTemp:Display: Loaded TP MacNoEditorTargetPlatform
[2017.04.28-18.00.24:274][  0]LogTemp:Display: Loaded TP MacServerTargetPlatform
[2017.04.28-18.00.24:352][  0]LogTemp:Display: Loaded TP MacTargetPlatform
[2017.04.28-18.00.24:428][  0]LogTemp:Display: Loaded TP WindowsClientTargetPlatform
[2017.04.28-18.00.24:505][  0]LogTemp:Display: Loaded TP WindowsNoEditorTargetPlatform
[2017.04.28-18.00.24:584][  0]LogTemp:Display: Loaded TP WindowsServerTargetPlatform
[2017.04.28-18.00.24:652][  0]LogTemp:Display: Loaded TP WindowsTargetPlatform
[2017.04.28-18.00.24:728][  0]LogTemp:Display: Loaded TP AndroidTargetPlatform
[2017.04.28-18.00.24:809][  0]LogTemp:Display: Loaded TP Android_ASTCTargetPlatform
[2017.04.28-18.00.24:885][  0]LogTemp:Display: Loaded TP Android_ATCTargetPlatform
[2017.04.28-18.00.24:961][  0]LogTemp:Display: Loaded TP Android_DXTTargetPlatform
[2017.04.28-18.00.25:037][  0]LogTemp:Display: Loaded TP Android_ETC1TargetPlatform
[2017.04.28-18.00.25:113][  0]LogTemp:Display: Loaded TP Android_ETC2TargetPlatform
[2017.04.28-18.00.25:265][  0]LogTemp:Display: Loaded TP Android_MultiTargetPlatform
[2017.04.28-18.00.25:265][  0]LogTemp:Display: Loaded TP Android_PVRTCTargetPlatform
[2017.04.28-18.00.25:326][  0]LogTemp:Display: Loaded TP HTML5TargetPlatform
[2017.04.28-18.00.25:459][  0]LogTemp:Display: Loaded TP IOSTargetPlatform
[2017.04.28-18.00.25:506][  0]LogTemp:Display: Loaded TP TVOSTargetPlatform
[2017.04.28-18.00.25:582][  0]LogTemp:Display: Loaded TP LinuxClientTargetPlatform
[2017.04.28-18.00.25:659][  0]LogTemp:Display: Loaded TP LinuxNoEditorTargetPlatform
[2017.04.28-18.00.25:734][  0]LogTemp:Display: Loaded TP LinuxServerTargetPlatform
[2017.04.28-18.00.25:812][  0]LogTemp:Display: Loaded TP LinuxTargetPlatform
[2017.04.28-18.00.25:812][  0]LogTargetPlatformManager:Display: Building Assets For Windows
[2017.04.28-18.00.26:490][  0]LogDerivedDataCache:Display: Max Cache Size: 512 MB
[2017.04.28-18.00.26:534][  0]LogDerivedDataCache: Loaded boot cache 0.04s 50MB C:/Users/003866797/AppData/Local/UnrealEngine/4.15/DerivedDataCache/Boot.ddc.
[2017.04.28-18.00.26:534][  0]LogDerivedDataCache:Display: Loaded Boot cache: C:/Users/003866797/AppData/Local/UnrealEngine/4.15/DerivedDataCache/Boot.ddc
[2017.04.28-18.00.26:534][  0]LogDerivedDataCache: FDerivedDataBackendGraph:  Pak pak cache file ../../../../../../Users/003866797/Documents/Unreal Projects/github/DerivedDataCache/DDC.ddp not found, will not use a pak cache.
[2017.04.28-18.00.26:534][  0]LogDerivedDataCache: Unable to find inner node Pak for hierarchical cache Hierarchy.
[2017.04.28-18.00.26:534][  0]LogDerivedDataCache: FDerivedDataBackendGraph:  CompressedPak pak cache file ../../../../../../Users/003866797/Documents/Unreal Projects/github/DerivedDataCache/Compressed.ddp not found, will not use a pak cache.
[2017.04.28-18.00.26:534][  0]LogDerivedDataCache: Unable to find inner node CompressedPak for hierarchical cache Hierarchy.
[2017.04.28-18.00.26:550][  0]LogDerivedDataCache:Display: Pak cache opened for reading ../../../Engine/DerivedDataCache/Compressed.ddp.
[2017.04.28-18.00.26:563][  0]LogDerivedDataCache: Using Local data cache path C:/Users/003866797/AppData/Local/UnrealEngine/Common/DerivedDataCache: Writable
[2017.04.28-18.00.26:571][  0]LogSlate: Using Freetype 2.6.0
[2017.04.28-18.00.26:572][  0]LogSlate: SlateFontCache - WITH_FREETYPE: 1, WITH_HARFBUZZ: 1
[2017.04.28-18.00.26:572][  0]LogSlate: SlateFontCache - WITH_FREETYPE: 1, WITH_HARFBUZZ: 1
[2017.04.28-18.00.26:906][  0]LogInit: Selected Device Profile: [Windows]
[2017.04.28-18.00.26:908][  0]LogContentStreaming: Texture pool size is 0.00 MB
[2017.04.28-18.00.27:163][  0]LogMeshUtilities: Using QuadricMeshReduction for automatic static mesh reduction
[2017.04.28-18.00.27:230][  0]LogSimplygon: Simplygon DLL not present - disabling.
[2017.04.28-18.00.27:298][  0]LogMeshUtilities: Using SimplygonSwarm for distributed automatic mesh merging
[2017.04.28-18.00.27:298][  0]LogMeshUtilities: No automatic skeletal mesh reduction module available
[2017.04.28-18.00.27:298][  0]LogMeshUtilities: No automatic mesh merging module available
[2017.04.28-18.00.27:889][  0]LogNetVersion: GetLocalNetworkVersion: CL: 3299760, ProjectName: github, ProjectVersion: , EngineNetworkVersion: 2, GameNetworkVersion: 0, NetworkChecksum: 1513280850
[2017.04.28-18.00.27:948][  0]LogAssetRegistry: FAssetRegistry took 0.0218 seconds to start up
[2017.04.28-18.00.28:011][  0]LogPackageLocalizationCache: Processed 3 localized package path(s) for 2 prioritized culture(s) in 0.025124 seconds
[2017.04.28-18.00.28:017][  0]LogUObjectArray: 32493 objects as part of root set at end of initial load.
[2017.04.28-18.00.28:017][  0]LogUObjectAllocator: 7077032 out of 0 bytes used by permanent object pool.
[2017.04.28-18.00.28:017][  0]LogUObjectArray: CloseDisregardForGC: 0/0 objects in disregard for GC pool
[2017.04.28-18.00.28:131][  0]LogInit: WinSock: version 1.1 (2.2), MaxSocks=32767, MaxUdp=65467
[2017.04.28-18.00.30:923][  0]LogTcpMessaging: Initializing TcpMessaging bridge
[2017.04.28-18.00.30:994][  0]LogUdpMessaging: Initializing bridge on interface 0.0.0.0:0 to multicast group 230.0.0.1:6666.
[2017.04.28-18.00.31:631][  0]LogMaterial: Uniform references updated for custom material expression Custom.
[2017.04.28-18.00.32:161][  0]SourceControl: Info Source control is disabled
[2017.04.28-18.00.32:193][  0]SourceControl: Info Source control is disabled
[2017.04.28-18.00.32:263][  0]SourceControl: Info Source control is disabled
[2017.04.28-18.00.32:332][  0]SourceControl: Info Source control is disabled
[2017.04.28-18.00.34:147][  0]LogEngine: Initializing Engine...
[2017.04.28-18.00.34:148][  0]LogHMD: Failed to initialize OpenVR with code 110
[2017.04.28-18.00.34:436][  0]LogAIModule: Creating AISystem for world Untitled
[2017.04.28-18.00.34:442][  0]LogInit: XAudio2 using 'Speakers / Headphones (Realtek High Definition Audio)' : 2 channels at 48 kHz using 32 bits per sample (channel mask 0x3)
[2017.04.28-18.00.34:563][  0]LogInit: FAudioDevice initialized.
[2017.04.28-18.00.34:585][  0]LogDerivedDataCache: Saved boot cache 0.02s 50MB C:/Users/003866797/AppData/Local/UnrealEngine/4.15/DerivedDataCache/Boot.ddc.
[2017.04.28-18.00.34:590][  0]LogInit: Texture streaming: Enabled
[2017.04.28-18.00.34:742][  0]LogEngineSessionManager: EngineSessionManager initialized
[2017.04.28-18.00.34:878][  0]LogInit: Transaction tracking system initialized
[2017.04.28-18.00.35:426][  0]BlueprintLog: New page: Editor Load
[2017.04.28-18.00.36:972][  0]LocalizationService: Info Localization service is disabled
[2017.04.28-18.00.38:049][  0]LogConsoleResponse:Display: 
[2017.04.28-18.00.38:193][  0]LogFileCache: Scanning file cache for directory 'C:/Users/003866797/Documents/Unreal Projects/github/Content/' took 0.01s
[2017.04.28-18.00.38:193][  0]LogCook:Display: Max memory allowance for cook 16384mb min free memory 0mb
[2017.04.28-18.00.38:193][  0]LogCook:Display: Mobile HDR setting 1
[2017.04.28-18.00.39:763][  0]SourceControl: Info Source control is disabled
[2017.04.28-18.00.39:765][  0]LogFactory: FactoryCreateFile: PackFactory with PackFactory (0 0 C:/Program Files/Epic Games/UE_4.15/FeaturePacks/StarterContent.upack)
[2017.04.28-18.00.39:771][  0]LogPackFactory: Finished extracting 8 files (including 0 errors).
[2017.04.28-18.00.39:772][  0]LogPackFactory: Copied "../../../Samples/StarterContent/Content/StarterContent/Architecture/Floor_400x400.uasset" to "../../../../../../Users/003866797/Documents/Unreal Projects/github/Content/StarterContent/Architecture/Floor_400x400.uasset"
[2017.04.28-18.00.39:774][  0]LogPackFactory: Copied "../../../Samples/StarterContent/Content/StarterContent/Architecture/Pillar_50x500.uasset" to "../../../../../../Users/003866797/Documents/Unreal Projects/github/Content/StarterContent/Architecture/Pillar_50x500.uasset"
[2017.04.28-18.00.39:775][  0]LogPackFactory: Copied "../../../Samples/StarterContent/Content/StarterContent/Architecture/SM_AssetPlatform.uasset" to "../../../../../../Users/003866797/Documents/Unreal Projects/github/Content/StarterContent/Architecture/SM_AssetPlatform.uasset"
[2017.04.28-18.00.39:776][  0]LogPackFactory: Copied "../../../Samples/StarterContent/Content/StarterContent/Architecture/Wall_400x200.uasset" to "../../../../../../Users/003866797/Documents/Unreal Projects/github/Content/StarterContent/Architecture/Wall_400x200.uasset"
[2017.04.28-18.00.39:777][  0]LogPackFactory: Copied "../../../Samples/StarterContent/Content/StarterContent/Architecture/Wall_400x300.uasset" to "../../../../../../Users/003866797/Documents/Unreal Projects/github/Content/StarterContent/Architecture/Wall_400x300.uasset"
[2017.04.28-18.00.39:778][  0]LogPackFactory: Copied "../../../Samples/StarterContent/Content/StarterContent/Architecture/Wall_400x400.uasset" to "../../../../../../Users/003866797/Documents/Unreal Projects/github/Content/StarterContent/Architecture/Wall_400x400.uasset"
[2017.04.28-18.00.39:779][  0]LogPackFactory: Copied "../../../Samples/StarterContent/Content/StarterContent/Architecture/Wall_500x500.uasset" to "../../../../../../Users/003866797/Documents/Unreal Projects/github/Content/StarterContent/Architecture/Wall_500x500.uasset"
[2017.04.28-18.00.39:780][  0]LogPackFactory: Copied "../../../Samples/StarterContent/Content/StarterContent/Architecture/Wall_Door_400x300.uasset" to "../../../../../../Users/003866797/Documents/Unreal Projects/github/Content/StarterContent/Architecture/Wall_Door_400x300.uasset"
[2017.04.28-18.00.39:781][  0]LogPackFactory: Copied "../../../Samples/StarterContent/Content/StarterContent/Architecture/Wall_Door_400x400.uasset" to "../../../../../../Users/003866797/Documents/Unreal Projects/github/Content/StarterContent/Architecture/Wall_Door_400x400.uasset"
[2017.04.28-18.00.39:782][  0]LogPackFactory: Copied "../../../Samples/StarterContent/Content/StarterContent/Architecture/Wall_Window_400x300.uasset" to "../../../../../../Users/003866797/Documents/Unreal Projects/github/Content/StarterContent/Architecture/Wall_Window_400x300.uasset"
[2017.04.28-18.00.39:783][  0]LogPackFactory: Copied "../../../Samples/StarterContent/Content/StarterContent/Architecture/Wall_Window_400x400.uasset" to "../../../../../../Users/003866797/Documents/Unreal Projects/github/Content/StarterContent/Architecture/Wall_Window_400x400.uasset"
[2017.04.28-18.00.39:785][  0]LogPackFactory: Copied "../../../Samples/StarterContent/Content/StarterContent/Audio/Collapse01.uasset" to "../../../../../../Users/003866797/Documents/Unreal Projects/github/Content/StarterContent/Audio/Collapse01.uasset"
[2017.04.28-18.00.39:786][  0]LogPackFactory: Copied "../../../Samples/StarterContent/Content/StarterContent/Audio/Collapse02.uasset" to "../../../../../../Users/003866797/Documents/Unreal Projects/github/Content/StarterContent/Audio/Collapse02.uasset"
[2017.04.28-18.00.39:787][  0]LogPackFactory: Copied "../../../Samples/StarterContent/Content/StarterContent/Audio/Collapse_Cue.uasset" to "../../../../../../Users/003866797/Documents/Unreal Projects/github/Content/StarterContent/Audio/Collapse_Cue.uasset"
[2017.04.28-18.00.39:788][  0]LogPackFactory: Copied "../../../Samples/StarterContent/Content/StarterContent/Audio/Explosion01.uasset" to "../../../../../../Users/003866797/Documents/Unreal Projects/github/Content/StarterContent/Audio/Explosion01.uasset"
[2017.04.28-18.00.39:790][  0]LogPackFactory: Copied "../../../Samples/StarterContent/Content/StarterContent/Audio/Explosion02.uasset" to "../../../../../../Users/003866797/Documents/Unreal Projects/github/Content/StarterContent/Audio/Explosion02.uasset"
[2017.04.28-18.00.39:791][  0]LogPackFactory: Copied "../../../Samples/StarterContent/Content/StarterContent/Audio/Explosion_Cue.uasset" to "../../../../../../Users/003866797/Documents/Unreal Projects/github/Content/StarterContent/Audio/Explosion_Cue.uasset"
[2017.04.28-18.00.39:792][  0]LogPackFactory: Copied "../../../Samples/StarterContent/Content/StarterContent/Audio/Fire01.uasset" to "../../../../../../Users/003866797/Documents/Unreal Projects/github/Content/StarterContent/Audio/Fire01.uasset"
[2017.04.28-18.00.39:793][  0]LogPackFactory: Copied "../../../Samples/StarterContent/Content/StarterContent/Audio/Fire01_Cue.uasset" to "../../../../../../Users/003866797/Documents/Unreal Projects/github/Content/StarterContent/Audio/Fire01_Cue.uasset"
[2017.04.28-18.00.39:795][  0]LogPackFactory: Copied "../../../Samples/StarterContent/Content/StarterContent/Audio/Fire_Sparks01.uasset" to "../../../../../../Users/003866797/Documents/Unreal Projects/github/Content/StarterContent/Audio/Fire_Sparks01.uasset"
[2017.04.28-18.00.39:796][  0]LogPackFactory: Copied "../../../Samples/StarterContent/Content/StarterContent/Audio/Fire_Sparks01_Cue.uasset" to "../../../../../../Users/003866797/Documents/Unreal Projects/github/Content/StarterContent/Audio/Fire_Sparks01_Cue.uasset"
[2017.04.28-18.00.39:798][  0]LogPackFactory: Copied "../../../Samples/StarterContent/Content/StarterContent/Audio/Light01.uasset" to "../../../../../../Users/003866797/Documents/Unreal Projects/github/Content/StarterContent/Audio/Light01.uasset"
[2017.04.28-18.00.39:799][  0]LogPackFactory: Copied "../../../Samples/StarterContent/Content/StarterContent/Audio/Light01_Cue.uasset" to "../../../../../../Users/003866797/Documents/Unreal Projects/github/Content/StarterContent/Audio/Light01_Cue.uasset"
[2017.04.28-18.00.39:800][  0]LogPackFactory: Copied "../../../Samples/StarterContent/Content/StarterContent/Audio/Light02.uasset" to "../../../../../../Users/003866797/Documents/Unreal Projects/github/Content/StarterContent/Audio/Light02.uasset"
[2017.04.28-18.00.39:801][  0]LogPackFactory: Copied "../../../Samples/StarterContent/Content/StarterContent/Audio/Light02_Cue.uasset" to "../../../../../../Users/003866797/Documents/Unreal Projects/github/Content/StarterContent/Audio/Light02_Cue.uasset"
[2017.04.28-18.00.39:803][  0]LogPackFactory: Copied "../../../Samples/StarterContent/Content/StarterContent/Audio/Smoke01.uasset" to "../../../../../../Users/003866797/Documents/Unreal Projects/github/Content/StarterContent/Audio/Smoke01.uasset"
[2017.04.28-18.00.39:803][  0]LogPackFactory: Copied "../../../Samples/StarterContent/Content/StarterContent/Audio/Smoke01_Cue.uasset" to "../../../../../../Users/003866797/Documents/Unreal Projects/github/Content/StarterContent/Audio/Smoke01_Cue.uasset"
[2017.04.28-18.00.39:805][  0]LogPackFactory: Copied "../../../Samples/StarterContent/Content/StarterContent/Audio/Starter_Background_Cue.uasset" to "../../../../../../Users/003866797/Documents/Unreal Projects/github/Content/StarterContent/Audio/Starter_Background_Cue.uasset"
[2017.04.28-18.00.39:808][  0]LogPackFactory: Copied "../../../Samples/StarterContent/Content/StarterContent/Audio/Starter_Birds01.uasset" to "../../../../../../Users/003866797/Documents/Unreal Projects/github/Content/StarterContent/Audio/Starter_Birds01.uasset"
[2017.04.28-18.00.39:813][  0]LogPackFactory: Copied "../../../Samples/StarterContent/Content/StarterContent/Audio/Starter_Music01.uasset" to "../../../../../../Users/003866797/Documents/Unreal Projects/github/Content/StarterContent/Audio/Starter_Music01.uasset"
[2017.04.28-18.00.39:814][  0]LogPackFactory: Copied "../../../Samples/StarterContent/Content/StarterContent/Audio/Starter_Music_Cue.uasset" to "../../../../../../Users/003866797/Documents/Unreal Projects/github/Content/StarterContent/Audio/Starter_Music_Cue.uasset"
[2017.04.28-18.00.39:817][  0]LogPackFactory: Copied "../../../Samples/StarterContent/Content/StarterContent/Audio/Starter_Wind05.uasset" to "../../../../../../Users/003866797/Documents/Unreal Projects/github/Content/StarterContent/Audio/Starter_Wind05.uasset"
[2017.04.28-18.00.39:819][  0]LogPackFactory: Copied "../../../Samples/StarterContent/Content/StarterContent/Audio/Starter_Wind06.uasset" to "../../../../../../Users/003866797/Documents/Unreal Projects/github/Content/StarterContent/Audio/Starter_Wind06.uasset"
[2017.04.28-18.00.39:821][  0]LogPackFactory: Copied "../../../Samples/StarterContent/Content/StarterContent/Audio/Steam01.uasset" to "../../../../../../Users/003866797/Documents/Unreal Projects/github/Content/StarterContent/Audio/Steam01.uasset"
[2017.04.28-18.00.39:822][  0]LogPackFactory: Copied "../../../Samples/StarterContent/Content/StarterContent/Audio/Steam01_Cue.uasset" to "../../../../../../Users/003866797/Documents/Unreal Projects/github/Content/StarterContent/Audio/Steam01_Cue.uasset"
[2017.04.28-18.00.39:824][  0]LogPackFactory: Copied "../../../Samples/StarterContent/Content/StarterContent/Blueprints/Blueprint_CeilingLight.uasset" to "../../../../../../Users/003866797/Documents/Unreal Projects/github/Content/StarterContent/Blueprints/Blueprint_CeilingLight.uasset"
[2017.04.28-18.00.39:825][  0]LogPackFactory: Copied "../../../Samples/StarterContent/Content/StarterContent/Blueprints/Blueprint_Effect_Explosion.uasset" to "../../../../../../Users/003866797/Documents/Unreal Projects/github/Content/StarterContent/Blueprints/Blueprint_Effect_Explosion.uasset"
[2017.04.28-18.00.39:826][  0]LogPackFactory: Copied "../../../Samples/StarterContent/Content/StarterContent/Blueprints/Blueprint_Effect_Fire.uasset" to "../../../../../../Users/003866797/Documents/Unreal Projects/github/Content/StarterContent/Blueprints/Blueprint_Effect_Fire.uasset"
[2017.04.28-18.00.39:827][  0]LogPackFactory: Copied "../../../Samples/StarterContent/Content/StarterContent/Blueprints/Blueprint_Effect_Smoke.uasset" to "../../../../../../Users/003866797/Documents/Unreal Projects/github/Content/StarterContent/Blueprints/Blueprint_Effect_Smoke.uasset"
[2017.04.28-18.00.39:828][  0]LogPackFactory: Copied "../../../Samples/StarterContent/Content/StarterContent/Blueprints/Blueprint_Effect_Sparks.uasset" to "../../../../../../Users/003866797/Documents/Unreal Projects/github/Content/StarterContent/Blueprints/Blueprint_Effect_Sparks.uasset"
[2017.04.28-18.00.39:829][  0]LogPackFactory: Copied "../../../Samples/StarterContent/Content/StarterContent/Blueprints/Blueprint_Effect_Steam.uasset" to "../../../../../../Users/003866797/Documents/Unreal Projects/github/Content/StarterContent/Blueprints/Blueprint_Effect_Steam.uasset"
[2017.04.28-18.00.39:830][  0]LogPackFactory: Copied "../../../Samples/StarterContent/Content/StarterContent/Blueprints/Blueprint_WallSconce.uasset" to "../../../../../../Users/003866797/Documents/Unreal Projects/github/Content/StarterContent/Blueprints/Blueprint_WallSconce.uasset"
[2017.04.28-18.00.39:831][  0]LogPackFactory: Copied "../../../Samples/StarterContent/Content/StarterContent/Blueprints/BP_LightStudio.uasset" to "../../../../../../Users/003866797/Documents/Unreal Projects/github/Content/StarterContent/Blueprints/BP_LightStudio.uasset"
[2017.04.28-18.00.39:832][  0]LogPackFactory: Copied "../../../Samples/StarterContent/Content/StarterContent/Blueprints/Assets/FogBrightnessLUT.uasset" to "../../../../../../Users/003866797/Documents/Unreal Projects/github/Content/StarterContent/Blueprints/Assets/FogBrightnessLUT.uasset"
[2017.04.28-18.00.39:833][  0]LogPackFactory: Copied "../../../Samples/StarterContent/Content/StarterContent/Blueprints/Assets/M_LightStage_Arrows.uasset" to "../../../../../../Users/003866797/Documents/Unreal Projects/github/Content/StarterContent/Blueprints/Assets/M_LightStage_Arrows.uasset"
[2017.04.28-18.00.39:835][  0]LogPackFactory: Copied "../../../Samples/StarterContent/Content/StarterContent/Blueprints/Assets/M_LightStage_Skybox_Black.uasset" to "../../../../../../Users/003866797/Documents/Unreal Projects/github/Content/StarterContent/Blueprints/Assets/M_LightStage_Skybox_Black.uasset"
[2017.04.28-18.00.39:836][  0]LogPackFactory: Copied "../../../Samples/StarterContent/Content/StarterContent/Blueprints/Assets/M_LightStage_Skybox_HDRI.uasset" to "../../../../../../Users/003866797/Documents/Unreal Projects/github/Content/StarterContent/Blueprints/Assets/M_LightStage_Skybox_HDRI.uasset"
[2017.04.28-18.00.39:837][  0]LogPackFactory: Copied "../../../Samples/StarterContent/Content/StarterContent/Blueprints/Assets/M_LightStage_Skybox_Master.uasset" to "../../../../../../Users/003866797/Documents/Unreal Projects/github/Content/StarterContent/Blueprints/Assets/M_LightStage_Skybox_Master.uasset"
[2017.04.28-18.00.39:838][  0]LogPackFactory: Copied "../../../Samples/StarterContent/Content/StarterContent/Blueprints/Assets/Skybox.uasset" to "../../../../../../Users/003866797/Documents/Unreal Projects/github/Content/StarterContent/Blueprints/Assets/Skybox.uasset"
[2017.04.28-18.00.39:840][  0]LogPackFactory: Copied "../../../Samples/StarterContent/Content/StarterContent/Blueprints/Assets/SM_Arrows.uasset" to "../../../../../../Users/003866797/Documents/Unreal Projects/github/Content/StarterContent/Blueprints/Assets/SM_Arrows.uasset"
[2017.04.28-18.00.39:841][  0]LogPackFactory: Copied "../../../Samples/StarterContent/Content/StarterContent/Blueprints/Assets/SunlightColorLUT.uasset" to "../../../../../../Users/003866797/Documents/Unreal Projects/github/Content/StarterContent/Blueprints/Assets/SunlightColorLUT.uasset"
[2017.04.28-18.00.39:880][  0]LogPackFactory: Copied "../../../Samples/StarterContent/Content/StarterContent/HDRI/HDRI_Epic_Courtyard_Daylight.uasset" to "../../../../../../Users/003866797/Documents/Unreal Projects/github/Content/StarterContent/HDRI/HDRI_Epic_Courtyard_Daylight.uasset"
[2017.04.28-18.00.39:881][  0]LogPackFactory: Copied "../../../Samples/StarterContent/Content/StarterContent/Maps/Advanced_Lighting.umap" to "../../../../../../Users/003866797/Documents/Unreal Projects/github/Content/StarterContent/Maps/Advanced_Lighting.umap"
[2017.04.28-18.00.39:883][  0]LogPackFactory: Copied "../../../Samples/StarterContent/Content/StarterContent/Maps/Advanced_Lighting_BuiltData.uasset" to "../../../../../../Users/003866797/Documents/Unreal Projects/github/Content/StarterContent/Maps/Advanced_Lighting_BuiltData.uasset"
[2017.04.28-18.00.39:885][  0]LogPackFactory: Copied "../../../Samples/StarterContent/Content/StarterContent/Maps/Minimal_Default.umap" to "../../../../../../Users/003866797/Documents/Unreal Projects/github/Content/StarterContent/Maps/Minimal_Default.umap"
[2017.04.28-18.00.39:886][  0]LogPackFactory: Copied "../../../Samples/StarterContent/Content/StarterContent/Maps/Minimal_Default_BuiltData.uasset" to "../../../../../../Users/003866797/Documents/Unreal Projects/github/Content/StarterContent/Maps/Minimal_Default_BuiltData.uasset"
[2017.04.28-18.00.39:891][  0]LogPackFactory: Copied "../../../Samples/StarterContent/Content/StarterContent/Maps/StarterMap.umap" to "../../../../../../Users/003866797/Documents/Unreal Projects/github/Content/StarterContent/Maps/StarterMap.umap"
[2017.04.28-18.00.39:898][  0]LogPackFactory: Copied "../../../Samples/StarterContent/Content/StarterContent/Maps/StarterMap_BuiltData.uasset" to "../../../../../../Users/003866797/Documents/Unreal Projects/github/Content/StarterContent/Maps/StarterMap_BuiltData.uasset"
[2017.04.28-18.00.39:900][  0]LogPackFactory: Copied "../../../Samples/StarterContent/Content/StarterContent/Materials/M_AssetPlatform.uasset" to "../../../../../../Users/003866797/Documents/Unreal Projects/github/Content/StarterContent/Materials/M_AssetPlatform.uasset"
[2017.04.28-18.00.39:901][  0]LogPackFactory: Copied "../../../Samples/StarterContent/Content/StarterContent/Materials/M_Basic_Floor.uasset" to "../../../../../../Users/003866797/Documents/Unreal Projects/github/Content/StarterContent/Materials/M_Basic_Floor.uasset"
[2017.04.28-18.00.39:903][  0]LogPackFactory: Copied "../../../Samples/StarterContent/Content/StarterContent/Materials/M_Basic_Wall.uasset" to "../../../../../../Users/003866797/Documents/Unreal Projects/github/Content/StarterContent/Materials/M_Basic_Wall.uasset"
[2017.04.28-18.00.39:904][  0]LogPackFactory: Copied "../../../Samples/StarterContent/Content/StarterContent/Materials/M_Brick_Clay_Beveled.uasset" to "../../../../../../Users/003866797/Documents/Unreal Projects/github/Content/StarterContent/Materials/M_Brick_Clay_Beveled.uasset"
[2017.04.28-18.00.39:905][  0]LogPackFactory: Copied "../../../Samples/StarterContent/Content/StarterContent/Materials/M_Brick_Clay_New.uasset" to "../../../../../../Users/003866797/Documents/Unreal Projects/github/Content/StarterContent/Materials/M_Brick_Clay_New.uasset"
[2017.04.28-18.00.39:907][  0]LogPackFactory: Copied "../../../Samples/StarterContent/Content/StarterContent/Materials/M_Brick_Clay_Old.uasset" to "../../../../../../Users/003866797/Documents/Unreal Projects/github/Content/StarterContent/Materials/M_Brick_Clay_Old.uasset"
[2017.04.28-18.00.39:908][  0]LogPackFactory: Copied "../../../Samples/StarterContent/Content/StarterContent/Materials/M_Brick_Cut_Stone.uasset" to "../../../../../../Users/003866797/Documents/Unreal Projects/github/Content/StarterContent/Materials/M_Brick_Cut_Stone.uasset"
[2017.04.28-18.00.39:909][  0]LogPackFactory: Copied "../../../Samples/StarterContent/Content/StarterContent/Materials/M_Brick_Hewn_Stone.uasset" to "../../../../../../Users/003866797/Documents/Unreal Projects/github/Content/StarterContent/Materials/M_Brick_Hewn_Stone.uasset"
[2017.04.28-18.00.39:910][  0]LogPackFactory: Copied "../../../Samples/StarterContent/Content/StarterContent/Materials/M_Ceramic_Tile_Checker.uasset" to "../../../../../../Users/003866797/Documents/Unreal Projects/github/Content/StarterContent/Materials/M_Ceramic_Tile_Checker.uasset"
[2017.04.28-18.00.39:912][  0]LogPackFactory: Copied "../../../Samples/StarterContent/Content/StarterContent/Materials/M_CobbleStone_Pebble.uasset" to "../../../../../../Users/003866797/Documents/Unreal Projects/github/Content/StarterContent/Materials/M_CobbleStone_Pebble.uasset"
[2017.04.28-18.00.39:913][  0]LogPackFactory: Copied "../../../Samples/StarterContent/Content/StarterContent/Materials/M_CobbleStone_Rough.uasset" to "../../../../../../Users/003866797/Documents/Unreal Projects/github/Content/StarterContent/Materials/M_CobbleStone_Rough.uasset"
[2017.04.28-18.00.39:914][  0]LogPackFactory: Copied "../../../Samples/StarterContent/Content/StarterContent/Materials/M_CobbleStone_Smooth.uasset" to "../../../../../../Users/003866797/Documents/Unreal Projects/github/Content/StarterContent/Materials/M_CobbleStone_Smooth.uasset"
[2017.04.28-18.00.39:915][  0]LogPackFactory: Copied "../../../Samples/StarterContent/Content/StarterContent/Materials/M_ColorGrid_LowSpec.uasset" to "../../../../../../Users/003866797/Documents/Unreal Projects/github/Content/StarterContent/Materials/M_ColorGrid_LowSpec.uasset"
[2017.04.28-18.00.39:916][  0]LogPackFactory: Copied "../../../Samples/StarterContent/Content/StarterContent/Materials/M_Concrete_Grime.uasset" to "../../../../../../Users/003866797/Documents/Unreal Projects/github/Content/StarterContent/Materials/M_Concrete_Grime.uasset"
[2017.04.28-18.00.39:917][  0]LogPackFactory: Copied "../../../Samples/StarterContent/Content/StarterContent/Materials/M_Concrete_Panels.uasset" to "../../../../../../Users/003866797/Documents/Unreal Projects/github/Content/StarterContent/Materials/M_Concrete_Panels.uasset"
[2017.04.28-18.00.39:919][  0]LogPackFactory: Copied "../../../Samples/StarterContent/Content/StarterContent/Materials/M_Concrete_Poured.uasset" to "../../../../../../Users/003866797/Documents/Unreal Projects/github/Content/StarterContent/Materials/M_Concrete_Poured.uasset"
[2017.04.28-18.00.39:920][  0]LogPackFactory: Copied "../../../Samples/StarterContent/Content/StarterContent/Materials/M_Concrete_Tiles.uasset" to "../../../../../../Users/003866797/Documents/Unreal Projects/github/Content/StarterContent/Materials/M_Concrete_Tiles.uasset"
[2017.04.28-18.00.39:921][  0]LogPackFactory: Copied "../../../Samples/StarterContent/Content/StarterContent/Materials/M_Glass.uasset" to "../../../../../../Users/003866797/Documents/Unreal Projects/github/Content/StarterContent/Materials/M_Glass.uasset"
[2017.04.28-18.00.39:922][  0]LogPackFactory: Copied "../../../Samples/StarterContent/Content/StarterContent/Materials/M_Ground_Grass.uasset" to "../../../../../../Users/003866797/Documents/Unreal Projects/github/Content/StarterContent/Materials/M_Ground_Grass.uasset"
[2017.04.28-18.00.39:924][  0]LogPackFactory: Copied "../../../Samples/StarterContent/Content/StarterContent/Materials/M_Ground_Gravel.uasset" to "../../../../../../Users/003866797/Documents/Unreal Projects/github/Content/StarterContent/Materials/M_Ground_Gravel.uasset"
[2017.04.28-18.00.39:925][  0]LogPackFactory: Copied "../../../Samples/StarterContent/Content/StarterContent/Materials/M_Ground_Moss.uasset" to "../../../../../../Users/003866797/Documents/Unreal Projects/github/Content/StarterContent/Materials/M_Ground_Moss.uasset"
[2017.04.28-18.00.39:926][  0]LogPackFactory: Copied "../../../Samples/StarterContent/Content/StarterContent/Materials/M_Metal_Brushed_Nickel.uasset" to "../../../../../../Users/003866797/Documents/Unreal Projects/github/Content/StarterContent/Materials/M_Metal_Brushed_Nickel.uasset"
[2017.04.28-18.00.39:927][  0]LogPackFactory: Copied "../../../Samples/StarterContent/Content/StarterContent/Materials/M_Metal_Burnished_Steel.uasset" to "../../../../../../Users/003866797/Documents/Unreal Projects/github/Content/StarterContent/Materials/M_Metal_Burnished_Steel.uasset"
[2017.04.28-18.00.39:928][  0]LogPackFactory: Copied "../../../Samples/StarterContent/Content/StarterContent/Materials/M_Metal_Chrome.uasset" to "../../../../../../Users/003866797/Documents/Unreal Projects/github/Content/StarterContent/Materials/M_Metal_Chrome.uasset"
[2017.04.28-18.00.39:929][  0]LogPackFactory: Copied "../../../Samples/StarterContent/Content/StarterContent/Materials/M_Metal_Copper.uasset" to "../../../../../../Users/003866797/Documents/Unreal Projects/github/Content/StarterContent/Materials/M_Metal_Copper.uasset"
[2017.04.28-18.00.39:930][  0]LogPackFactory: Copied "../../../Samples/StarterContent/Content/StarterContent/Materials/M_Metal_Gold.uasset" to "../../../../../../Users/003866797/Documents/Unreal Projects/github/Content/StarterContent/Materials/M_Metal_Gold.uasset"
[2017.04.28-18.00.39:932][  0]LogPackFactory: Copied "../../../Samples/StarterContent/Content/StarterContent/Materials/M_Metal_Rust.uasset" to "../../../../../../Users/003866797/Documents/Unreal Projects/github/Content/StarterContent/Materials/M_Metal_Rust.uasset"
[2017.04.28-18.00.39:933][  0]LogPackFactory: Copied "../../../Samples/StarterContent/Content/StarterContent/Materials/M_Metal_Steel.uasset" to "../../../../../../Users/003866797/Documents/Unreal Projects/github/Content/StarterContent/Materials/M_Metal_Steel.uasset"
[2017.04.28-18.00.39:934][  0]LogPackFactory: Copied "../../../Samples/StarterContent/Content/StarterContent/Materials/M_Rock_Basalt.uasset" to "../../../../../../Users/003866797/Documents/Unreal Projects/github/Content/StarterContent/Materials/M_Rock_Basalt.uasset"
[2017.04.28-18.00.39:935][  0]LogPackFactory: Copied "../../../Samples/StarterContent/Content/StarterContent/Materials/M_Rock_Marble_Polished.uasset" to "../../../../../../Users/003866797/Documents/Unreal Projects/github/Content/StarterContent/Materials/M_Rock_Marble_Polished.uasset"
[2017.04.28-18.00.39:936][  0]LogPackFactory: Copied "../../../Samples/StarterContent/Content/StarterContent/Materials/M_Rock_Sandstone.uasset" to "../../../../../../Users/003866797/Documents/Unreal Projects/github/Content/StarterContent/Materials/M_Rock_Sandstone.uasset"
[2017.04.28-18.00.39:937][  0]LogPackFactory: Copied "../../../Samples/StarterContent/Content/StarterContent/Materials/M_Rock_Slate.uasset" to "../../../../../../Users/003866797/Documents/Unreal Projects/github/Content/StarterContent/Materials/M_Rock_Slate.uasset"
[2017.04.28-18.00.39:938][  0]LogPackFactory: Copied "../../../Samples/StarterContent/Content/StarterContent/Materials/M_Tech_Checker_Dot.uasset" to "../../../../../../Users/003866797/Documents/Unreal Projects/github/Content/StarterContent/Materials/M_Tech_Checker_Dot.uasset"
[2017.04.28-18.00.39:940][  0]LogPackFactory: Copied "../../../Samples/StarterContent/Content/StarterContent/Materials/M_Tech_Hex_Tile.uasset" to "../../../../../../Users/003866797/Documents/Unreal Projects/github/Content/StarterContent/Materials/M_Tech_Hex_Tile.uasset"
[2017.04.28-18.00.39:941][  0]LogPackFactory: Copied "../../../Samples/StarterContent/Content/StarterContent/Materials/M_Tech_Hex_Tile_Pulse.uasset" to "../../../../../../Users/003866797/Documents/Unreal Projects/github/Content/StarterContent/Materials/M_Tech_Hex_Tile_Pulse.uasset"
[2017.04.28-18.00.39:942][  0]LogPackFactory: Copied "../../../Samples/StarterContent/Content/StarterContent/Materials/M_Tech_Panel.uasset" to "../../../../../../Users/003866797/Documents/Unreal Projects/github/Content/StarterContent/Materials/M_Tech_Panel.uasset"
[2017.04.28-18.00.39:943][  0]LogPackFactory: Copied "../../../Samples/StarterContent/Content/StarterContent/Materials/M_Water_Lake.uasset" to "../../../../../../Users/003866797/Documents/Unreal Projects/github/Content/StarterContent/Materials/M_Water_Lake.uasset"
[2017.04.28-18.00.39:944][  0]LogPackFactory: Copied "../../../Samples/StarterContent/Content/StarterContent/Materials/M_Water_Ocean.uasset" to "../../../../../../Users/003866797/Documents/Unreal Projects/github/Content/StarterContent/Materials/M_Water_Ocean.uasset"
[2017.04.28-18.00.39:945][  0]LogPackFactory: Copied "../../../Samples/StarterContent/Content/StarterContent/Materials/M_Wood_Floor_Walnut_Polished.uasset" to "../../../../../../Users/003866797/Documents/Unreal Projects/github/Content/StarterContent/Materials/M_Wood_Floor_Walnut_Polished.uasset"
[2017.04.28-18.00.39:946][  0]LogPackFactory: Copied "../../../Samples/StarterContent/Content/StarterContent/Materials/M_Wood_Floor_Walnut_Worn.uasset" to "../../../../../../Users/003866797/Documents/Unreal Projects/github/Content/StarterContent/Materials/M_Wood_Floor_Walnut_Worn.uasset"
[2017.04.28-18.00.39:947][  0]LogPackFactory: Copied "../../../Samples/StarterContent/Content/StarterContent/Materials/M_Wood_Oak.uasset" to "../../../../../../Users/003866797/Documents/Unreal Projects/github/Content/StarterContent/Materials/M_Wood_Oak.uasset"
[2017.04.28-18.00.39:948][  0]LogPackFactory: Copied "../../../Samples/StarterContent/Content/StarterContent/Materials/M_Wood_Pine.uasset" to "../../../../../../Users/003866797/Documents/Unreal Projects/github/Content/StarterContent/Materials/M_Wood_Pine.uasset"
[2017.04.28-18.00.39:949][  0]LogPackFactory: Copied "../../../Samples/StarterContent/Content/StarterContent/Materials/M_Wood_Walnut.uasset" to "../../../../../../Users/003866797/Documents/Unreal Projects/github/Content/StarterContent/Materials/M_Wood_Walnut.uasset"
[2017.04.28-18.00.39:951][  0]LogPackFactory: Copied "../../../Samples/StarterContent/Content/StarterContent/Particles/P_Ambient_Dust.uasset" to "../../../../../../Users/003866797/Documents/Unreal Projects/github/Content/StarterContent/Particles/P_Ambient_Dust.uasset"
[2017.04.28-18.00.39:952][  0]LogPackFactory: Copied "../../../Samples/StarterContent/Content/StarterContent/Particles/P_Explosion.uasset" to "../../../../../../Users/003866797/Documents/Unreal Projects/github/Content/StarterContent/Particles/P_Explosion.uasset"
[2017.04.28-18.00.39:954][  0]LogPackFactory: Copied "../../../Samples/StarterContent/Content/StarterContent/Particles/P_Fire.uasset" to "../../../../../../Users/003866797/Documents/Unreal Projects/github/Content/StarterContent/Particles/P_Fire.uasset"
[2017.04.28-18.00.39:955][  0]LogPackFactory: Copied "../../../Samples/StarterContent/Content/StarterContent/Particles/P_Smoke.uasset" to "../../../../../../Users/003866797/Documents/Unreal Projects/github/Content/StarterContent/Particles/P_Smoke.uasset"
[2017.04.28-18.00.39:956][  0]LogPackFactory: Copied "../../../Samples/StarterContent/Content/StarterContent/Particles/P_Sparks.uasset" to "../../../../../../Users/003866797/Documents/Unreal Projects/github/Content/StarterContent/Particles/P_Sparks.uasset"
[2017.04.28-18.00.39:957][  0]LogPackFactory: Copied "../../../Samples/StarterContent/Content/StarterContent/Particles/P_Steam_Lit.uasset" to "../../../../../../Users/003866797/Documents/Unreal Projects/github/Content/StarterContent/Particles/P_Steam_Lit.uasset"
[2017.04.28-18.00.39:958][  0]LogPackFactory: Copied "../../../Samples/StarterContent/Content/StarterContent/Particles/Materials/M_Burst.uasset" to "../../../../../../Users/003866797/Documents/Unreal Projects/github/Content/StarterContent/Particles/Materials/M_Burst.uasset"
[2017.04.28-18.00.39:959][  0]LogPackFactory: Copied "../../../Samples/StarterContent/Content/StarterContent/Particles/Materials/M_Dust_Particle.uasset" to "../../../../../../Users/003866797/Documents/Unreal Projects/github/Content/StarterContent/Particles/Materials/M_Dust_Particle.uasset"
[2017.04.28-18.00.39:960][  0]LogPackFactory: Copied "../../../Samples/StarterContent/Content/StarterContent/Particles/Materials/M_explosion_subUV.uasset" to "../../../../../../Users/003866797/Documents/Unreal Projects/github/Content/StarterContent/Particles/Materials/M_explosion_subUV.uasset"
[2017.04.28-18.00.39:961][  0]LogPackFactory: Copied "../../../Samples/StarterContent/Content/StarterContent/Particles/Materials/M_Fire_SubUV.uasset" to "../../../../../../Users/003866797/Documents/Unreal Projects/github/Content/StarterContent/Particles/Materials/M_Fire_SubUV.uasset"
[2017.04.28-18.00.39:963][  0]LogPackFactory: Copied "../../../Samples/StarterContent/Content/StarterContent/Particles/Materials/m_flare_01.uasset" to "../../../../../../Users/003866797/Documents/Unreal Projects/github/Content/StarterContent/Particles/Materials/m_flare_01.uasset"
[2017.04.28-18.00.39:964][  0]LogPackFactory: Copied "../../../Samples/StarterContent/Content/StarterContent/Particles/Materials/M_Heat_Distortion.uasset" to "../../../../../../Users/003866797/Documents/Unreal Projects/github/Content/StarterContent/Particles/Materials/M_Heat_Distortion.uasset"
[2017.04.28-18.00.39:965][  0]LogPackFactory: Copied "../../../Samples/StarterContent/Content/StarterContent/Particles/Materials/M_Radial_Gradient.uasset" to "../../../../../../Users/003866797/Documents/Unreal Projects/github/Content/StarterContent/Particles/Materials/M_Radial_Gradient.uasset"
[2017.04.28-18.00.39:966][  0]LogPackFactory: Copied "../../../Samples/StarterContent/Content/StarterContent/Particles/Materials/M_radial_ramp.uasset" to "../../../../../../Users/003866797/Documents/Unreal Projects/github/Content/StarterContent/Particles/Materials/M_radial_ramp.uasset"
[2017.04.28-18.00.39:967][  0]LogPackFactory: Copied "../../../Samples/StarterContent/Content/StarterContent/Particles/Materials/M_smoke_subUV.uasset" to "../../../../../../Users/003866797/Documents/Unreal Projects/github/Content/StarterContent/Particles/Materials/M_smoke_subUV.uasset"
[2017.04.28-18.00.39:968][  0]LogPackFactory: Copied "../../../Samples/StarterContent/Content/StarterContent/Particles/Materials/M_Spark.uasset" to "../../../../../../Users/003866797/Documents/Unreal Projects/github/Content/StarterContent/Particles/Materials/M_Spark.uasset"
[2017.04.28-18.00.39:969][  0]LogPackFactory: Copied "../../../Samples/StarterContent/Content/StarterContent/Props/MaterialSphere.uasset" to "../../../../../../Users/003866797/Documents/Unreal Projects/github/Content/StarterContent/Props/MaterialSphere.uasset"
[2017.04.28-18.00.39:970][  0]LogPackFactory: Copied "../../../Samples/StarterContent/Content/StarterContent/Props/SM_Bush.uasset" to "../../../../../../Users/003866797/Documents/Unreal Projects/github/Content/StarterContent/Props/SM_Bush.uasset"
[2017.04.28-18.00.39:972][  0]LogPackFactory: Copied "../../../Samples/StarterContent/Content/StarterContent/Props/SM_Chair.uasset" to "../../../../../../Users/003866797/Documents/Unreal Projects/github/Content/StarterContent/Props/SM_Chair.uasset"
[2017.04.28-18.00.39:973][  0]LogPackFactory: Copied "../../../Samples/StarterContent/Content/StarterContent/Props/SM_CornerFrame.uasset" to "../../../../../../Users/003866797/Documents/Unreal Projects/github/Content/StarterContent/Props/SM_CornerFrame.uasset"
[2017.04.28-18.00.39:974][  0]LogPackFactory: Copied "../../../Samples/StarterContent/Content/StarterContent/Props/SM_Couch.uasset" to "../../../../../../Users/003866797/Documents/Unreal Projects/github/Content/StarterContent/Props/SM_Couch.uasset"
[2017.04.28-18.00.39:976][  0]LogPackFactory: Copied "../../../Samples/StarterContent/Content/StarterContent/Props/SM_Door.uasset" to "../../../../../../Users/003866797/Documents/Unreal Projects/github/Content/StarterContent/Props/SM_Door.uasset"
[2017.04.28-18.00.39:977][  0]LogPackFactory: Copied "../../../Samples/StarterContent/Content/StarterContent/Props/SM_DoorFrame.uasset" to "../../../../../../Users/003866797/Documents/Unreal Projects/github/Content/StarterContent/Props/SM_DoorFrame.uasset"
[2017.04.28-18.00.39:978][  0]LogPackFactory: Copied "../../../Samples/StarterContent/Content/StarterContent/Props/SM_GlassWindow.uasset" to "../../../../../../Users/003866797/Documents/Unreal Projects/github/Content/StarterContent/Props/SM_GlassWindow.uasset"
[2017.04.28-18.00.39:979][  0]LogPackFactory: Copied "../../../Samples/StarterContent/Content/StarterContent/Props/SM_Lamp_Ceiling.uasset" to "../../../../../../Users/003866797/Documents/Unreal Projects/github/Content/StarterContent/Props/SM_Lamp_Ceiling.uasset"
[2017.04.28-18.00.39:980][  0]LogPackFactory: Copied "../../../Samples/StarterContent/Content/StarterContent/Props/SM_Lamp_Wall.uasset" to "../../../../../../Users/003866797/Documents/Unreal Projects/github/Content/StarterContent/Props/SM_Lamp_Wall.uasset"
[2017.04.28-18.00.39:983][  0]LogPackFactory: Copied "../../../Samples/StarterContent/Content/StarterContent/Props/SM_MatPreviewMesh_02.uasset" to "../../../../../../Users/003866797/Documents/Unreal Projects/github/Content/StarterContent/Props/SM_MatPreviewMesh_02.uasset"
[2017.04.28-18.00.39:984][  0]LogPackFactory: Copied "../../../Samples/StarterContent/Content/StarterContent/Props/SM_PillarFrame.uasset" to "../../../../../../Users/003866797/Documents/Unreal Projects/github/Content/StarterContent/Props/SM_PillarFrame.uasset"
[2017.04.28-18.00.39:985][  0]LogPackFactory: Copied "../../../Samples/StarterContent/Content/StarterContent/Props/SM_PillarFrame300.uasset" to "../../../../../../Users/003866797/Documents/Unreal Projects/github/Content/StarterContent/Props/SM_PillarFrame300.uasset"
[2017.04.28-18.00.39:986][  0]LogPackFactory: Copied "../../../Samples/StarterContent/Content/StarterContent/Props/SM_Rock.uasset" to "../../../../../../Users/003866797/Documents/Unreal Projects/github/Content/StarterContent/Props/SM_Rock.uasset"
[2017.04.28-18.00.39:987][  0]LogPackFactory: Copied "../../../Samples/StarterContent/Content/StarterContent/Props/SM_Shelf.uasset" to "../../../../../../Users/003866797/Documents/Unreal Projects/github/Content/StarterContent/Props/SM_Shelf.uasset"
[2017.04.28-18.00.39:989][  0]LogPackFactory: Copied "../../../Samples/StarterContent/Content/StarterContent/Props/SM_Stairs.uasset" to "../../../../../../Users/003866797/Documents/Unreal Projects/github/Content/StarterContent/Props/SM_Stairs.uasset"
[2017.04.28-18.00.39:990][  0]LogPackFactory: Copied "../../../Samples/StarterContent/Content/StarterContent/Props/SM_Statue.uasset" to "../../../../../../Users/003866797/Documents/Unreal Projects/github/Content/StarterContent/Props/SM_Statue.uasset"
[2017.04.28-18.00.39:991][  0]LogPackFactory: Copied "../../../Samples/StarterContent/Content/StarterContent/Props/SM_TableRound.uasset" to "../../../../../../Users/003866797/Documents/Unreal Projects/github/Content/StarterContent/Props/SM_TableRound.uasset"
[2017.04.28-18.00.39:993][  0]LogPackFactory: Copied "../../../Samples/StarterContent/Content/StarterContent/Props/SM_WindowFrame.uasset" to "../../../../../../Users/003866797/Documents/Unreal Projects/github/Content/StarterContent/Props/SM_WindowFrame.uasset"
[2017.04.28-18.00.39:994][  0]LogPackFactory: Copied "../../../Samples/StarterContent/Content/StarterContent/Props/Materials/M_Bush.uasset" to "../../../../../../Users/003866797/Documents/Unreal Projects/github/Content/StarterContent/Props/Materials/M_Bush.uasset"
[2017.04.28-18.00.39:995][  0]LogPackFactory: Copied "../../../Samples/StarterContent/Content/StarterContent/Props/Materials/M_Chair.uasset" to "../../../../../../Users/003866797/Documents/Unreal Projects/github/Content/StarterContent/Props/Materials/M_Chair.uasset"
[2017.04.28-18.00.39:996][  0]LogPackFactory: Copied "../../../Samples/StarterContent/Content/StarterContent/Props/Materials/M_Door.uasset" to "../../../../../../Users/003866797/Documents/Unreal Projects/github/Content/StarterContent/Props/Materials/M_Door.uasset"
[2017.04.28-18.00.39:997][  0]LogPackFactory: Copied "../../../Samples/StarterContent/Content/StarterContent/Props/Materials/M_Frame.uasset" to "../../../../../../Users/003866797/Documents/Unreal Projects/github/Content/StarterContent/Props/Materials/M_Frame.uasset"
[2017.04.28-18.00.39:998][  0]LogPackFactory: Copied "../../../Samples/StarterContent/Content/StarterContent/Props/Materials/M_Lamp.uasset" to "../../../../../../Users/003866797/Documents/Unreal Projects/github/Content/StarterContent/Props/Materials/M_Lamp.uasset"
[2017.04.28-18.00.39:999][  0]LogPackFactory: Copied "../../../Samples/StarterContent/Content/StarterContent/Props/Materials/M_MaterialSphere.uasset" to "../../../../../../Users/003866797/Documents/Unreal Projects/github/Content/StarterContent/Props/Materials/M_MaterialSphere.uasset"
[2017.04.28-18.00.40:000][  0]LogPackFactory: Copied "../../../Samples/StarterContent/Content/StarterContent/Props/Materials/M_MaterialSphere_Plain.uasset" to "../../../../../../Users/003866797/Documents/Unreal Projects/github/Content/StarterContent/Props/Materials/M_MaterialSphere_Plain.uasset"
[2017.04.28-18.00.40:001][  0]LogPackFactory: Copied "../../../Samples/StarterContent/Content/StarterContent/Props/Materials/M_Rock.uasset" to "../../../../../../Users/003866797/Documents/Unreal Projects/github/Content/StarterContent/Props/Materials/M_Rock.uasset"
[2017.04.28-18.00.40:002][  0]LogPackFactory: Copied "../../../Samples/StarterContent/Content/StarterContent/Props/Materials/M_Shelf.uasset" to "../../../../../../Users/003866797/Documents/Unreal Projects/github/Content/StarterContent/Props/Materials/M_Shelf.uasset"
[2017.04.28-18.00.40:004][  0]LogPackFactory: Copied "../../../Samples/StarterContent/Content/StarterContent/Props/Materials/M_Statue.uasset" to "../../../../../../Users/003866797/Documents/Unreal Projects/github/Content/StarterContent/Props/Materials/M_Statue.uasset"
[2017.04.28-18.00.40:005][  0]LogPackFactory: Copied "../../../Samples/StarterContent/Content/StarterContent/Props/Materials/M_StatueGlass.uasset" to "../../../../../../Users/003866797/Documents/Unreal Projects/github/Content/StarterContent/Props/Materials/M_StatueGlass.uasset"
[2017.04.28-18.00.40:006][  0]LogPackFactory: Copied "../../../Samples/StarterContent/Content/StarterContent/Props/Materials/M_TableRound.uasset" to "../../../../../../Users/003866797/Documents/Unreal Projects/github/Content/StarterContent/Props/Materials/M_TableRound.uasset"
[2017.04.28-18.00.40:007][  0]LogPackFactory: Copied "../../../Samples/StarterContent/Content/StarterContent/Shapes/Shape_Cone.uasset" to "../../../../../../Users/003866797/Documents/Unreal Projects/github/Content/StarterContent/Shapes/Shape_Cone.uasset"
[2017.04.28-18.00.40:008][  0]LogPackFactory: Copied "../../../Samples/StarterContent/Content/StarterContent/Shapes/Shape_Cube.uasset" to "../../../../../../Users/003866797/Documents/Unreal Projects/github/Content/StarterContent/Shapes/Shape_Cube.uasset"
[2017.04.28-18.00.40:009][  0]LogPackFactory: Copied "../../../Samples/StarterContent/Content/StarterContent/Shapes/Shape_Cylinder.uasset" to "../../../../../../Users/003866797/Documents/Unreal Projects/github/Content/StarterContent/Shapes/Shape_Cylinder.uasset"
[2017.04.28-18.00.40:010][  0]LogPackFactory: Copied "../../../Samples/StarterContent/Content/StarterContent/Shapes/Shape_NarrowCapsule.uasset" to "../../../../../../Users/003866797/Documents/Unreal Projects/github/Content/StarterContent/Shapes/Shape_NarrowCapsule.uasset"
[2017.04.28-18.00.40:011][  0]LogPackFactory: Copied "../../../Samples/StarterContent/Content/StarterContent/Shapes/Shape_Pipe.uasset" to "../../../../../../Users/003866797/Documents/Unreal Projects/github/Content/StarterContent/Shapes/Shape_Pipe.uasset"
[2017.04.28-18.00.40:012][  0]LogPackFactory: Copied "../../../Samples/StarterContent/Content/StarterContent/Shapes/Shape_Pipe_180.uasset" to "../../../../../../Users/003866797/Documents/Unreal Projects/github/Content/StarterContent/Shapes/Shape_Pipe_180.uasset"
[2017.04.28-18.00.40:013][  0]LogPackFactory: Copied "../../../Samples/StarterContent/Content/StarterContent/Shapes/Shape_Pipe_90.uasset" to "../../../../../../Users/003866797/Documents/Unreal Projects/github/Content/StarterContent/Shapes/Shape_Pipe_90.uasset"
[2017.04.28-18.00.40:014][  0]LogPackFactory: Copied "../../../Samples/StarterContent/Content/StarterContent/Shapes/Shape_Plane.uasset" to "../../../../../../Users/003866797/Documents/Unreal Projects/github/Content/StarterContent/Shapes/Shape_Plane.uasset"
[2017.04.28-18.00.40:016][  0]LogPackFactory: Copied "../../../Samples/StarterContent/Content/StarterContent/Shapes/Shape_QuadPyramid.uasset" to "../../../../../../Users/003866797/Documents/Unreal Projects/github/Content/StarterContent/Shapes/Shape_QuadPyramid.uasset"
[2017.04.28-18.00.40:017][  0]LogPackFactory: Copied "../../../Samples/StarterContent/Content/StarterContent/Shapes/Shape_Sphere.uasset" to "../../../../../../Users/003866797/Documents/Unreal Projects/github/Content/StarterContent/Shapes/Shape_Sphere.uasset"
[2017.04.28-18.00.40:018][  0]LogPackFactory: Copied "../../../Samples/StarterContent/Content/StarterContent/Shapes/Shape_Torus.uasset" to "../../../../../../Users/003866797/Documents/Unreal Projects/github/Content/StarterContent/Shapes/Shape_Torus.uasset"
[2017.04.28-18.00.40:019][  0]LogPackFactory: Copied "../../../Samples/StarterContent/Content/StarterContent/Shapes/Shape_Trim.uasset" to "../../../../../../Users/003866797/Documents/Unreal Projects/github/Content/StarterContent/Shapes/Shape_Trim.uasset"
[2017.04.28-18.00.40:020][  0]LogPackFactory: Copied "../../../Samples/StarterContent/Content/StarterContent/Shapes/Shape_Trim_90_In.uasset" to "../../../../../../Users/003866797/Documents/Unreal Projects/github/Content/StarterContent/Shapes/Shape_Trim_90_In.uasset"
[2017.04.28-18.00.40:021][  0]LogPackFactory: Copied "../../../Samples/StarterContent/Content/StarterContent/Shapes/Shape_Trim_90_Out.uasset" to "../../../../../../Users/003866797/Documents/Unreal Projects/github/Content/StarterContent/Shapes/Shape_Trim_90_Out.uasset"
[2017.04.28-18.00.40:022][  0]LogPackFactory: Copied "../../../Samples/StarterContent/Content/StarterContent/Shapes/Shape_TriPyramid.uasset" to "../../../../../../Users/003866797/Documents/Unreal Projects/github/Content/StarterContent/Shapes/Shape_TriPyramid.uasset"
[2017.04.28-18.00.40:023][  0]LogPackFactory: Copied "../../../Samples/StarterContent/Content/StarterContent/Shapes/Shape_Tube.uasset" to "../../../../../../Users/003866797/Documents/Unreal Projects/github/Content/StarterContent/Shapes/Shape_Tube.uasset"
[2017.04.28-18.00.40:024][  0]LogPackFactory: Copied "../../../Samples/StarterContent/Content/StarterContent/Shapes/Shape_Wedge_A.uasset" to "../../../../../../Users/003866797/Documents/Unreal Projects/github/Content/StarterContent/Shapes/Shape_Wedge_A.uasset"
[2017.04.28-18.00.40:025][  0]LogPackFactory: Copied "../../../Samples/StarterContent/Content/StarterContent/Shapes/Shape_Wedge_B.uasset" to "../../../../../../Users/003866797/Documents/Unreal Projects/github/Content/StarterContent/Shapes/Shape_Wedge_B.uasset"
[2017.04.28-18.00.40:026][  0]LogPackFactory: Copied "../../../Samples/StarterContent/Content/StarterContent/Shapes/Shape_WideCapsule.uasset" to "../../../../../../Users/003866797/Documents/Unreal Projects/github/Content/StarterContent/Shapes/Shape_WideCapsule.uasset"
[2017.04.28-18.00.40:032][  0]LogPackFactory: Copied "../../../Samples/StarterContent/Content/StarterContent/Textures/T_Brick_Clay_Beveled_D.uasset" to "../../../../../../Users/003866797/Documents/Unreal Projects/github/Content/StarterContent/Textures/T_Brick_Clay_Beveled_D.uasset"
[2017.04.28-18.00.40:039][  0]LogPackFactory: Copied "../../../Samples/StarterContent/Content/StarterContent/Textures/T_Brick_Clay_Beveled_M.uasset" to "../../../../../../Users/003866797/Documents/Unreal Projects/github/Content/StarterContent/Textures/T_Brick_Clay_Beveled_M.uasset"
[2017.04.28-18.00.40:044][  0]LogPackFactory: Copied "../../../Samples/StarterContent/Content/StarterContent/Textures/T_Brick_Clay_Beveled_N.uasset" to "../../../../../../Users/003866797/Documents/Unreal Projects/github/Content/StarterContent/Textures/T_Brick_Clay_Beveled_N.uasset"
[2017.04.28-18.00.40:049][  0]LogPackFactory: Copied "../../../Samples/StarterContent/Content/StarterContent/Textures/T_Brick_Clay_New_D.uasset" to "../../../../../../Users/003866797/Documents/Unreal Projects/github/Content/StarterContent/Textures/T_Brick_Clay_New_D.uasset"
[2017.04.28-18.00.40:055][  0]LogPackFactory: Copied "../../../Samples/StarterContent/Content/StarterContent/Textures/T_Brick_Clay_New_M.uasset" to "../../../../../../Users/003866797/Documents/Unreal Projects/github/Content/StarterContent/Textures/T_Brick_Clay_New_M.uasset"
[2017.04.28-18.00.40:060][  0]LogPackFactory: Copied "../../../Samples/StarterContent/Content/StarterContent/Textures/T_Brick_Clay_New_N.uasset" to "../../../../../../Users/003866797/Documents/Unreal Projects/github/Content/StarterContent/Textures/T_Brick_Clay_New_N.uasset"
[2017.04.28-18.00.40:067][  0]LogPackFactory: Copied "../../../Samples/StarterContent/Content/StarterContent/Textures/T_Brick_Clay_Old_D.uasset" to "../../../../../../Users/003866797/Documents/Unreal Projects/github/Content/StarterContent/Textures/T_Brick_Clay_Old_D.uasset"
[2017.04.28-18.00.40:073][  0]LogPackFactory: Copied "../../../Samples/StarterContent/Content/StarterContent/Textures/T_Brick_Clay_Old_N.uasset" to "../../../../../../Users/003866797/Documents/Unreal Projects/github/Content/StarterContent/Textures/T_Brick_Clay_Old_N.uasset"
[2017.04.28-18.00.40:081][  0]LogPackFactory: Copied "../../../Samples/StarterContent/Content/StarterContent/Textures/T_Brick_Cut_Stone_D.uasset" to "../../../../../../Users/003866797/Documents/Unreal Projects/github/Content/StarterContent/Textures/T_Brick_Cut_Stone_D.uasset"
[2017.04.28-18.00.40:086][  0]LogPackFactory: Copied "../../../Samples/StarterContent/Content/StarterContent/Textures/T_Brick_Cut_Stone_N.uasset" to "../../../../../../Users/003866797/Documents/Unreal Projects/github/Content/StarterContent/Textures/T_Brick_Cut_Stone_N.uasset"
[2017.04.28-18.00.40:092][  0]LogPackFactory: Copied "../../../Samples/StarterContent/Content/StarterContent/Textures/T_Brick_Hewn_Stone_D.uasset" to "../../../../../../Users/003866797/Documents/Unreal Projects/github/Content/StarterContent/Textures/T_Brick_Hewn_Stone_D.uasset"
[2017.04.28-18.00.40:096][  0]LogPackFactory: Copied "../../../Samples/StarterContent/Content/StarterContent/Textures/T_Brick_Hewn_Stone_M.uasset" to "../../../../../../Users/003866797/Documents/Unreal Projects/github/Content/StarterContent/Textures/T_Brick_Hewn_Stone_M.uasset"
[2017.04.28-18.00.40:102][  0]LogPackFactory: Copied "../../../Samples/StarterContent/Content/StarterContent/Textures/T_Brick_Hewn_Stone_N.uasset" to "../../../../../../Users/003866797/Documents/Unreal Projects/github/Content/StarterContent/Textures/T_Brick_Hewn_Stone_N.uasset"
[2017.04.28-18.00.40:104][  0]LogPackFactory: Copied "../../../Samples/StarterContent/Content/StarterContent/Textures/T_Burst_M.uasset" to "../../../../../../Users/003866797/Documents/Unreal Projects/github/Content/StarterContent/Textures/T_Burst_M.uasset"
[2017.04.28-18.00.40:106][  0]LogPackFactory: Copied "../../../Samples/StarterContent/Content/StarterContent/Textures/T_Bush_D.uasset" to "../../../../../../Users/003866797/Documents/Unreal Projects/github/Content/StarterContent/Textures/T_Bush_D.uasset"
[2017.04.28-18.00.40:107][  0]LogPackFactory: Copied "../../../Samples/StarterContent/Content/StarterContent/Textures/T_Bush_N.uasset" to "../../../../../../Users/003866797/Documents/Unreal Projects/github/Content/StarterContent/Textures/T_Bush_N.uasset"
[2017.04.28-18.00.40:109][  0]LogPackFactory: Copied "../../../Samples/StarterContent/Content/StarterContent/Textures/T_Ceramic_Tile_M.uasset" to "../../../../../../Users/003866797/Documents/Unreal Projects/github/Content/StarterContent/Textures/T_Ceramic_Tile_M.uasset"
[2017.04.28-18.00.40:110][  0]LogPackFactory: Copied "../../../Samples/StarterContent/Content/StarterContent/Textures/T_Ceramic_Tile_N.uasset" to "../../../../../../Users/003866797/Documents/Unreal Projects/github/Content/StarterContent/Textures/T_Ceramic_Tile_N.uasset"
[2017.04.28-18.00.40:112][  0]LogPackFactory: Copied "../../../Samples/StarterContent/Content/StarterContent/Textures/T_Chair_M.uasset" to "../../../../../../Users/003866797/Documents/Unreal Projects/github/Content/StarterContent/Textures/T_Chair_M.uasset"
[2017.04.28-18.00.40:114][  0]LogPackFactory: Copied "../../../Samples/StarterContent/Content/StarterContent/Textures/T_Chair_N.uasset" to "../../../../../../Users/003866797/Documents/Unreal Projects/github/Content/StarterContent/Textures/T_Chair_N.uasset"
[2017.04.28-18.00.40:115][  0]LogPackFactory: Copied "../../../Samples/StarterContent/Content/StarterContent/Textures/T_Checker_Noise_M.uasset" to "../../../../../../Users/003866797/Documents/Unreal Projects/github/Content/StarterContent/Textures/T_Checker_Noise_M.uasset"
[2017.04.28-18.00.40:123][  0]LogPackFactory: Copied "../../../Samples/StarterContent/Content/StarterContent/Textures/T_CobbleStone_Pebble_D.uasset" to "../../../../../../Users/003866797/Documents/Unreal Projects/github/Content/StarterContent/Textures/T_CobbleStone_Pebble_D.uasset"
[2017.04.28-18.00.40:125][  0]LogPackFactory: Copied "../../../Samples/StarterContent/Content/StarterContent/Textures/T_CobbleStone_Pebble_M.uasset" to "../../../../../../Users/003866797/Documents/Unreal Projects/github/Content/StarterContent/Textures/T_CobbleStone_Pebble_M.uasset"
[2017.04.28-18.00.40:132][  0]LogPackFactory: Copied "../../../Samples/StarterContent/Content/StarterContent/Textures/T_CobbleStone_Pebble_N.uasset" to "../../../../../../Users/003866797/Documents/Unreal Projects/github/Content/StarterContent/Textures/T_CobbleStone_Pebble_N.uasset"
[2017.04.28-18.00.40:135][  0]LogPackFactory: Copied "../../../Samples/StarterContent/Content/StarterContent/Textures/T_CobbleStone_Rough_D.uasset" to "../../../../../../Users/003866797/Documents/Unreal Projects/github/Content/StarterContent/Textures/T_CobbleStone_Rough_D.uasset"
[2017.04.28-18.00.40:138][  0]LogPackFactory: Copied "../../../Samples/StarterContent/Content/StarterContent/Textures/T_CobbleStone_Rough_N.uasset" to "../../../../../../Users/003866797/Documents/Unreal Projects/github/Content/StarterContent/Textures/T_CobbleStone_Rough_N.uasset"
[2017.04.28-18.00.40:143][  0]LogPackFactory: Copied "../../../Samples/StarterContent/Content/StarterContent/Textures/T_CobbleStone_Smooth_D.uasset" to "../../../../../../Users/003866797/Documents/Unreal Projects/github/Content/StarterContent/Textures/T_CobbleStone_Smooth_D.uasset"
[2017.04.28-18.00.40:147][  0]LogPackFactory: Copied "../../../Samples/StarterContent/Content/StarterContent/Textures/T_CobbleStone_Smooth_M.uasset" to "../../../../../../Users/003866797/Documents/Unreal Projects/github/Content/StarterContent/Textures/T_CobbleStone_Smooth_M.uasset"
[2017.04.28-18.00.40:154][  0]LogPackFactory: Copied "../../../Samples/StarterContent/Content/StarterContent/Textures/T_CobbleStone_Smooth_N.uasset" to "../../../../../../Users/003866797/Documents/Unreal Projects/github/Content/StarterContent/Textures/T_CobbleStone_Smooth_N.uasset"
[2017.04.28-18.00.40:165][  0]LogPackFactory: Copied "../../../Samples/StarterContent/Content/StarterContent/Textures/T_Concrete_Grime_D.uasset" to "../../../../../../Users/003866797/Documents/Unreal Projects/github/Content/StarterContent/Textures/T_Concrete_Grime_D.uasset"
[2017.04.28-18.00.40:170][  0]LogPackFactory: Copied "../../../Samples/StarterContent/Content/StarterContent/Textures/T_Concrete_Panels_D.uasset" to "../../../../../../Users/003866797/Documents/Unreal Projects/github/Content/StarterContent/Textures/T_Concrete_Panels_D.uasset"
[2017.04.28-18.00.40:175][  0]LogPackFactory: Copied "../../../Samples/StarterContent/Content/StarterContent/Textures/T_Concrete_Panels_N.uasset" to "../../../../../../Users/003866797/Documents/Unreal Projects/github/Content/StarterContent/Textures/T_Concrete_Panels_N.uasset"
[2017.04.28-18.00.40:183][  0]LogPackFactory: Copied "../../../Samples/StarterContent/Content/StarterContent/Textures/T_Concrete_Poured_D.uasset" to "../../../../../../Users/003866797/Documents/Unreal Projects/github/Content/StarterContent/Textures/T_Concrete_Poured_D.uasset"
[2017.04.28-18.00.40:188][  0]LogPackFactory: Copied "../../../Samples/StarterContent/Content/StarterContent/Textures/T_Concrete_Poured_N.uasset" to "../../../../../../Users/003866797/Documents/Unreal Projects/github/Content/StarterContent/Textures/T_Concrete_Poured_N.uasset"
[2017.04.28-18.00.40:192][  0]LogPackFactory: Copied "../../../Samples/StarterContent/Content/StarterContent/Textures/T_Concrete_Tiles_D.uasset" to "../../../../../../Users/003866797/Documents/Unreal Projects/github/Content/StarterContent/Textures/T_Concrete_Tiles_D.uasset"
[2017.04.28-18.00.40:196][  0]LogPackFactory: Copied "../../../Samples/StarterContent/Content/StarterContent/Textures/T_Concrete_Tiles_M.uasset" to "../../../../../../Users/003866797/Documents/Unreal Projects/github/Content/StarterContent/Textures/T_Concrete_Tiles_M.uasset"
[2017.04.28-18.00.40:201][  0]LogPackFactory: Copied "../../../Samples/StarterContent/Content/StarterContent/Textures/T_Concrete_Tiles_N.uasset" to "../../../../../../Users/003866797/Documents/Unreal Projects/github/Content/StarterContent/Textures/T_Concrete_Tiles_N.uasset"
[2017.04.28-18.00.40:202][  0]LogPackFactory: Copied "../../../Samples/StarterContent/Content/StarterContent/Textures/T_Concrete_Tiles_Variation_M.uasset" to "../../../../../../Users/003866797/Documents/Unreal Projects/github/Content/StarterContent/Textures/T_Concrete_Tiles_Variation_M.uasset"
[2017.04.28-18.00.40:205][  0]LogPackFactory: Copied "../../../Samples/StarterContent/Content/StarterContent/Textures/T_Detail_Rocky_N.uasset" to "../../../../../../Users/003866797/Documents/Unreal Projects/github/Content/StarterContent/Textures/T_Detail_Rocky_N.uasset"
[2017.04.28-18.00.40:207][  0]LogPackFactory: Copied "../../../Samples/StarterContent/Content/StarterContent/Textures/T_Door_M.uasset" to "../../../../../../Users/003866797/Documents/Unreal Projects/github/Content/StarterContent/Textures/T_Door_M.uasset"
[2017.04.28-18.00.40:209][  0]LogPackFactory: Copied "../../../Samples/StarterContent/Content/StarterContent/Textures/T_Door_N.uasset" to "../../../../../../Users/003866797/Documents/Unreal Projects/github/Content/StarterContent/Textures/T_Door_N.uasset"
[2017.04.28-18.00.40:210][  0]LogPackFactory: Copied "../../../Samples/StarterContent/Content/StarterContent/Textures/T_Dust_Particle_D.uasset" to "../../../../../../Users/003866797/Documents/Unreal Projects/github/Content/StarterContent/Textures/T_Dust_Particle_D.uasset"
[2017.04.28-18.00.40:212][  0]LogPackFactory: Copied "../../../Samples/StarterContent/Content/StarterContent/Textures/T_Explosion_SubUV.uasset" to "../../../../../../Users/003866797/Documents/Unreal Projects/github/Content/StarterContent/Textures/T_Explosion_SubUV.uasset"
[2017.04.28-18.00.40:214][  0]LogPackFactory: Copied "../../../Samples/StarterContent/Content/StarterContent/Textures/T_Fire_SubUV.uasset" to "../../../../../../Users/003866797/Documents/Unreal Projects/github/Content/StarterContent/Textures/T_Fire_SubUV.uasset"
[2017.04.28-18.00.40:216][  0]LogPackFactory: Copied "../../../Samples/StarterContent/Content/StarterContent/Textures/T_Fire_Tiled_D.uasset" to "../../../../../../Users/003866797/Documents/Unreal Projects/github/Content/StarterContent/Textures/T_Fire_Tiled_D.uasset"
[2017.04.28-18.00.40:217][  0]LogPackFactory: Copied "../../../Samples/StarterContent/Content/StarterContent/Textures/T_Frame_M.uasset" to "../../../../../../Users/003866797/Documents/Unreal Projects/github/Content/StarterContent/Textures/T_Frame_M.uasset"
[2017.04.28-18.00.40:219][  0]LogPackFactory: Copied "../../../Samples/StarterContent/Content/StarterContent/Textures/T_Frame_N.uasset" to "../../../../../../Users/003866797/Documents/Unreal Projects/github/Content/StarterContent/Textures/T_Frame_N.uasset"
[2017.04.28-18.00.40:220][  0]LogPackFactory: Copied "../../../Samples/StarterContent/Content/StarterContent/Textures/T_Gradinet_01.uasset" to "../../../../../../Users/003866797/Documents/Unreal Projects/github/Content/StarterContent/Textures/T_Gradinet_01.uasset"
[2017.04.28-18.00.40:228][  0]LogPackFactory: Copied "../../../Samples/StarterContent/Content/StarterContent/Textures/T_Ground_Grass_D.uasset" to "../../../../../../Users/003866797/Documents/Unreal Projects/github/Content/StarterContent/Textures/T_Ground_Grass_D.uasset"
[2017.04.28-18.00.40:235][  0]LogPackFactory: Copied "../../../Samples/StarterContent/Content/StarterContent/Textures/T_Ground_Grass_N.uasset" to "../../../../../../Users/003866797/Documents/Unreal Projects/github/Content/StarterContent/Textures/T_Ground_Grass_N.uasset"
[2017.04.28-18.00.40:242][  0]LogPackFactory: Copied "../../../Samples/StarterContent/Content/StarterContent/Textures/T_Ground_Gravel_D.uasset" to "../../../../../../Users/003866797/Documents/Unreal Projects/github/Content/StarterContent/Textures/T_Ground_Gravel_D.uasset"
[2017.04.28-18.00.40:247][  0]LogPackFactory: Copied "../../../Samples/StarterContent/Content/StarterContent/Textures/T_Ground_Gravel_N.uasset" to "../../../../../../Users/003866797/Documents/Unreal Projects/github/Content/StarterContent/Textures/T_Ground_Gravel_N.uasset"
[2017.04.28-18.00.40:256][  0]LogPackFactory: Copied "../../../Samples/StarterContent/Content/StarterContent/Textures/T_ground_Moss_D.uasset" to "../../../../../../Users/003866797/Documents/Unreal Projects/github/Content/StarterContent/Textures/T_ground_Moss_D.uasset"
[2017.04.28-18.00.40:262][  0]LogPackFactory: Copied "../../../Samples/StarterContent/Content/StarterContent/Textures/T_Ground_Moss_N.uasset" to "../../../../../../Users/003866797/Documents/Unreal Projects/github/Content/StarterContent/Textures/T_Ground_Moss_N.uasset"
[2017.04.28-18.00.40:263][  0]LogPackFactory: Copied "../../../Samples/StarterContent/Content/StarterContent/Textures/T_Lamp_M.uasset" to "../../../../../../Users/003866797/Documents/Unreal Projects/github/Content/StarterContent/Textures/T_Lamp_M.uasset"
[2017.04.28-18.00.40:266][  0]LogPackFactory: Copied "../../../Samples/StarterContent/Content/StarterContent/Textures/T_Lamp_N.uasset" to "../../../../../../Users/003866797/Documents/Unreal Projects/github/Content/StarterContent/Textures/T_Lamp_N.uasset"
[2017.04.28-18.00.40:273][  0]LogPackFactory: Copied "../../../Samples/StarterContent/Content/StarterContent/Textures/T_MacroVariation.uasset" to "../../../../../../Users/003866797/Documents/Unreal Projects/github/Content/StarterContent/Textures/T_MacroVariation.uasset"
[2017.04.28-18.00.40:280][  0]LogPackFactory: Copied "../../../Samples/StarterContent/Content/StarterContent/Textures/T_Metal_Aluminum_D.uasset" to "../../../../../../Users/003866797/Documents/Unreal Projects/github/Content/StarterContent/Textures/T_Metal_Aluminum_D.uasset"
[2017.04.28-18.00.40:286][  0]LogPackFactory: Copied "../../../Samples/StarterContent/Content/StarterContent/Textures/T_Metal_Copper_D.uasset" to "../../../../../../Users/003866797/Documents/Unreal Projects/github/Content/StarterContent/Textures/T_Metal_Copper_D.uasset"
[2017.04.28-18.00.40:291][  0]LogPackFactory: Copied "../../../Samples/StarterContent/Content/StarterContent/Textures/T_Metal_Gold_D.uasset" to "../../../../../../Users/003866797/Documents/Unreal Projects/github/Content/StarterContent/Textures/T_Metal_Gold_D.uasset"
[2017.04.28-18.00.40:294][  0]LogPackFactory: Copied "../../../Samples/StarterContent/Content/StarterContent/Textures/T_Metal_Gold_N.uasset" to "../../../../../../Users/003866797/Documents/Unreal Projects/github/Content/StarterContent/Textures/T_Metal_Gold_N.uasset"
[2017.04.28-18.00.40:300][  0]LogPackFactory: Copied "../../../Samples/StarterContent/Content/StarterContent/Textures/T_Metal_Rust_D.uasset" to "../../../../../../Users/003866797/Documents/Unreal Projects/github/Content/StarterContent/Textures/T_Metal_Rust_D.uasset"
[2017.04.28-18.00.40:305][  0]LogPackFactory: Copied "../../../Samples/StarterContent/Content/StarterContent/Textures/T_Metal_Rust_N.uasset" to "../../../../../../Users/003866797/Documents/Unreal Projects/github/Content/StarterContent/Textures/T_Metal_Rust_N.uasset"
[2017.04.28-18.00.40:309][  0]LogPackFactory: Copied "../../../Samples/StarterContent/Content/StarterContent/Textures/T_Metal_Steel_D.uasset" to "../../../../../../Users/003866797/Documents/Unreal Projects/github/Content/StarterContent/Textures/T_Metal_Steel_D.uasset"
[2017.04.28-18.00.40:313][  0]LogPackFactory: Copied "../../../Samples/StarterContent/Content/StarterContent/Textures/T_Metal_Steel_N.uasset" to "../../../../../../Users/003866797/Documents/Unreal Projects/github/Content/StarterContent/Textures/T_Metal_Steel_N.uasset"
[2017.04.28-18.00.40:318][  0]LogPackFactory: Copied "../../../Samples/StarterContent/Content/StarterContent/Textures/T_Perlin_Noise_M.uasset" to "../../../../../../Users/003866797/Documents/Unreal Projects/github/Content/StarterContent/Textures/T_Perlin_Noise_M.uasset"
[2017.04.28-18.00.40:321][  0]LogPackFactory: Copied "../../../Samples/StarterContent/Content/StarterContent/Textures/T_RockMesh_M.uasset" to "../../../../../../Users/003866797/Documents/Unreal Projects/github/Content/StarterContent/Textures/T_RockMesh_M.uasset"
[2017.04.28-18.00.40:326][  0]LogPackFactory: Copied "../../../Samples/StarterContent/Content/StarterContent/Textures/T_RockMesh_N.uasset" to "../../../../../../Users/003866797/Documents/Unreal Projects/github/Content/StarterContent/Textures/T_RockMesh_N.uasset"
[2017.04.28-18.00.40:332][  0]LogPackFactory: Copied "../../../Samples/StarterContent/Content/StarterContent/Textures/T_Rock_Basalt_D.uasset" to "../../../../../../Users/003866797/Documents/Unreal Projects/github/Content/StarterContent/Textures/T_Rock_Basalt_D.uasset"
[2017.04.28-18.00.40:338][  0]LogPackFactory: Copied "../../../Samples/StarterContent/Content/StarterContent/Textures/T_Rock_Basalt_N.uasset" to "../../../../../../Users/003866797/Documents/Unreal Projects/github/Content/StarterContent/Textures/T_Rock_Basalt_N.uasset"
[2017.04.28-18.00.40:342][  0]LogPackFactory: Copied "../../../Samples/StarterContent/Content/StarterContent/Textures/T_Rock_Marble_Polished_D.uasset" to "../../../../../../Users/003866797/Documents/Unreal Projects/github/Content/StarterContent/Textures/T_Rock_Marble_Polished_D.uasset"
[2017.04.28-18.00.40:348][  0]LogPackFactory: Copied "../../../Samples/StarterContent/Content/StarterContent/Textures/T_Rock_Sandstone_D.uasset" to "../../../../../../Users/003866797/Documents/Unreal Projects/github/Content/StarterContent/Textures/T_Rock_Sandstone_D.uasset"
[2017.04.28-18.00.40:354][  0]LogPackFactory: Copied "../../../Samples/StarterContent/Content/StarterContent/Textures/T_Rock_Sandstone_N.uasset" to "../../../../../../Users/003866797/Documents/Unreal Projects/github/Content/StarterContent/Textures/T_Rock_Sandstone_N.uasset"
[2017.04.28-18.00.40:362][  0]LogPackFactory: Copied "../../../Samples/StarterContent/Content/StarterContent/Textures/T_Rock_Slate_D.uasset" to "../../../../../../Users/003866797/Documents/Unreal Projects/github/Content/StarterContent/Textures/T_Rock_Slate_D.uasset"
[2017.04.28-18.00.40:368][  0]LogPackFactory: Copied "../../../Samples/StarterContent/Content/StarterContent/Textures/T_Rock_Slate_N.uasset" to "../../../../../../Users/003866797/Documents/Unreal Projects/github/Content/StarterContent/Textures/T_Rock_Slate_N.uasset"
[2017.04.28-18.00.40:375][  0]LogPackFactory: Copied "../../../Samples/StarterContent/Content/StarterContent/Textures/T_Rock_Smooth_Granite_D.uasset" to "../../../../../../Users/003866797/Documents/Unreal Projects/github/Content/StarterContent/Textures/T_Rock_Smooth_Granite_D.uasset"
[2017.04.28-18.00.40:377][  0]LogPackFactory: Copied "../../../Samples/StarterContent/Content/StarterContent/Textures/T_Shelf_M.uasset" to "../../../../../../Users/003866797/Documents/Unreal Projects/github/Content/StarterContent/Textures/T_Shelf_M.uasset"
[2017.04.28-18.00.40:379][  0]LogPackFactory: Copied "../../../Samples/StarterContent/Content/StarterContent/Textures/T_Shelf_N.uasset" to "../../../../../../Users/003866797/Documents/Unreal Projects/github/Content/StarterContent/Textures/T_Shelf_N.uasset"
[2017.04.28-18.00.40:380][  0]LogPackFactory: Copied "../../../Samples/StarterContent/Content/StarterContent/Textures/T_Single_Tile_N.uasset" to "../../../../../../Users/003866797/Documents/Unreal Projects/github/Content/StarterContent/Textures/T_Single_Tile_N.uasset"
[2017.04.28-18.00.40:383][  0]LogPackFactory: Copied "../../../Samples/StarterContent/Content/StarterContent/Textures/T_Smoke_SubUV.uasset" to "../../../../../../Users/003866797/Documents/Unreal Projects/github/Content/StarterContent/Textures/T_Smoke_SubUV.uasset"
[2017.04.28-18.00.40:384][  0]LogPackFactory: Copied "../../../Samples/StarterContent/Content/StarterContent/Textures/T_Smoke_Tiled_D.uasset" to "../../../../../../Users/003866797/Documents/Unreal Projects/github/Content/StarterContent/Textures/T_Smoke_Tiled_D.uasset"
[2017.04.28-18.00.40:386][  0]LogPackFactory: Copied "../../../Samples/StarterContent/Content/StarterContent/Textures/T_Spark_Core.uasset" to "../../../../../../Users/003866797/Documents/Unreal Projects/github/Content/StarterContent/Textures/T_Spark_Core.uasset"
[2017.04.28-18.00.40:388][  0]LogPackFactory: Copied "../../../Samples/StarterContent/Content/StarterContent/Textures/T_Statue_M.uasset" to "../../../../../../Users/003866797/Documents/Unreal Projects/github/Content/StarterContent/Textures/T_Statue_M.uasset"
[2017.04.28-18.00.40:390][  0]LogPackFactory: Copied "../../../Samples/StarterContent/Content/StarterContent/Textures/T_Statue_N.uasset" to "../../../../../../Users/003866797/Documents/Unreal Projects/github/Content/StarterContent/Textures/T_Statue_N.uasset"
[2017.04.28-18.00.40:391][  0]LogPackFactory: Copied "../../../Samples/StarterContent/Content/StarterContent/Textures/T_TableRound_M.uasset" to "../../../../../../Users/003866797/Documents/Unreal Projects/github/Content/StarterContent/Textures/T_TableRound_M.uasset"
[2017.04.28-18.00.40:394][  0]LogPackFactory: Copied "../../../Samples/StarterContent/Content/StarterContent/Textures/T_TableRound_N.uasset" to "../../../../../../Users/003866797/Documents/Unreal Projects/github/Content/StarterContent/Textures/T_TableRound_N.uasset"
[2017.04.28-18.00.40:395][  0]LogPackFactory: Copied "../../../Samples/StarterContent/Content/StarterContent/Textures/T_Tech_Dot_M.uasset" to "../../../../../../Users/003866797/Documents/Unreal Projects/github/Content/StarterContent/Textures/T_Tech_Dot_M.uasset"
[2017.04.28-18.00.40:396][  0]LogPackFactory: Copied "../../../Samples/StarterContent/Content/StarterContent/Textures/T_Tech_Dot_N.uasset" to "../../../../../../Users/003866797/Documents/Unreal Projects/github/Content/StarterContent/Textures/T_Tech_Dot_N.uasset"
[2017.04.28-18.00.40:398][  0]LogPackFactory: Copied "../../../Samples/StarterContent/Content/StarterContent/Textures/T_Tech_Hex_Tile_M.uasset" to "../../../../../../Users/003866797/Documents/Unreal Projects/github/Content/StarterContent/Textures/T_Tech_Hex_Tile_M.uasset"
[2017.04.28-18.00.40:399][  0]LogPackFactory: Copied "../../../Samples/StarterContent/Content/StarterContent/Textures/T_Tech_Hex_Tile_N.uasset" to "../../../../../../Users/003866797/Documents/Unreal Projects/github/Content/StarterContent/Textures/T_Tech_Hex_Tile_N.uasset"
[2017.04.28-18.00.40:401][  0]LogPackFactory: Copied "../../../Samples/StarterContent/Content/StarterContent/Textures/T_Tech_Panel_M.uasset" to "../../../../../../Users/003866797/Documents/Unreal Projects/github/Content/StarterContent/Textures/T_Tech_Panel_M.uasset"
[2017.04.28-18.00.40:404][  0]LogPackFactory: Copied "../../../Samples/StarterContent/Content/StarterContent/Textures/T_Tech_Panel_N.uasset" to "../../../../../../Users/003866797/Documents/Unreal Projects/github/Content/StarterContent/Textures/T_Tech_Panel_N.uasset"
[2017.04.28-18.00.40:406][  0]LogPackFactory: Copied "../../../Samples/StarterContent/Content/StarterContent/Textures/T_Water_M.uasset" to "../../../../../../Users/003866797/Documents/Unreal Projects/github/Content/StarterContent/Textures/T_Water_M.uasset"
[2017.04.28-18.00.40:408][  0]LogPackFactory: Copied "../../../Samples/StarterContent/Content/StarterContent/Textures/T_Water_N.uasset" to "../../../../../../Users/003866797/Documents/Unreal Projects/github/Content/StarterContent/Textures/T_Water_N.uasset"
[2017.04.28-18.00.40:412][  0]LogPackFactory: Copied "../../../Samples/StarterContent/Content/StarterContent/Textures/T_Wood_Floor_Walnut_D.uasset" to "../../../../../../Users/003866797/Documents/Unreal Projects/github/Content/StarterContent/Textures/T_Wood_Floor_Walnut_D.uasset"
[2017.04.28-18.00.40:415][  0]LogPackFactory: Copied "../../../Samples/StarterContent/Content/StarterContent/Textures/T_Wood_Floor_Walnut_M.uasset" to "../../../../../../Users/003866797/Documents/Unreal Projects/github/Content/StarterContent/Textures/T_Wood_Floor_Walnut_M.uasset"
[2017.04.28-18.00.40:418][  0]LogPackFactory: Copied "../../../Samples/StarterContent/Content/StarterContent/Textures/T_Wood_Floor_Walnut_N.uasset" to "../../../../../../Users/003866797/Documents/Unreal Projects/github/Content/StarterContent/Textures/T_Wood_Floor_Walnut_N.uasset"
[2017.04.28-18.00.40:423][  0]LogPackFactory: Copied "../../../Samples/StarterContent/Content/StarterContent/Textures/T_Wood_Oak_D.uasset" to "../../../../../../Users/003866797/Documents/Unreal Projects/github/Content/StarterContent/Textures/T_Wood_Oak_D.uasset"
[2017.04.28-18.00.40:427][  0]LogPackFactory: Copied "../../../Samples/StarterContent/Content/StarterContent/Textures/T_Wood_Oak_N.uasset" to "../../../../../../Users/003866797/Documents/Unreal Projects/github/Content/StarterContent/Textures/T_Wood_Oak_N.uasset"
[2017.04.28-18.00.40:434][  0]LogPackFactory: Copied "../../../Samples/StarterContent/Content/StarterContent/Textures/T_Wood_Pine_D.uasset" to "../../../../../../Users/003866797/Documents/Unreal Projects/github/Content/StarterContent/Textures/T_Wood_Pine_D.uasset"
[2017.04.28-18.00.40:438][  0]LogPackFactory: Copied "../../../Samples/StarterContent/Content/StarterContent/Textures/T_Wood_Pine_N.uasset" to "../../../../../../Users/003866797/Documents/Unreal Projects/github/Content/StarterContent/Textures/T_Wood_Pine_N.uasset"
[2017.04.28-18.00.40:443][  0]LogPackFactory: Copied "../../../Samples/StarterContent/Content/StarterContent/Textures/T_Wood_Walnut_D.uasset" to "../../../../../../Users/003866797/Documents/Unreal Projects/github/Content/StarterContent/Textures/T_Wood_Walnut_D.uasset"
[2017.04.28-18.00.40:446][  0]LogPackFactory: Copied "../../../Samples/StarterContent/Content/StarterContent/Textures/T_Wood_Walnut_N.uasset" to "../../../../../../Users/003866797/Documents/Unreal Projects/github/Content/StarterContent/Textures/T_Wood_Walnut_N.uasset"
[2017.04.28-18.00.40:534][  0]LogRenderer: Reallocating scene render targets to support 256x256 NumSamples 1 (Frame:2).
[2017.04.28-18.00.40:646][  0]LogSavePackage: Save=9.82ms
[2017.04.28-18.00.40:646][  0]LogSavePackage: Moving '../../../../../../Users/003866797/Documents/Unreal Projects/github/Saved/Floor_400x400E6A6A41B4802CDECA88F0DA3142AEBCC.tmp' to '../../../../../../Users/003866797/Documents/Unreal Projects/github/Content/StarterContent/Architecture/Floor_400x400.uasset'
[2017.04.28-18.00.40:649][  0]LogSavePackage:Display: Finished SavePackage ../../../../../../Users/003866797/Documents/Unreal Projects/github/Content/StarterContent/Architecture/Floor_400x400.uasset
[2017.04.28-18.00.40:649][  0]LogFeaturePack:Warning: Inserted 1 feature packs
[2017.04.28-18.00.40:651][  0]Cmd: MAP LOAD FILE="../../../../../../Users/003866797/Documents/Unreal Projects/github/Content/StarterContent/Maps/Minimal_Default.umap" TEMPLATE=0 SHOWPROGRESS=1 FEATURELEVEL=3
[2017.04.28-18.00.40:651][  0]LightingResults: New page: Lighting Build
[2017.04.28-18.00.40:721][  0]MapCheck: New page: Map Check
[2017.04.28-18.00.40:721][  0]LightingResults: New page: Lighting Build
[2017.04.28-18.00.40:977][  0]LogAIModule: Creating AISystem for world Minimal_Default
[2017.04.28-18.00.40:983][  0]LogEditorServer: Finished looking for orphan Actors (0.000 secs)
[2017.04.28-18.00.40:984][  0]Cmd: MAP CHECKDEP NOCLEARLOG
[2017.04.28-18.00.41:101][  0]MapCheck: Info Map check complete: 0 Error(s), 0 Warning(s), took 117.737ms to complete.
[2017.04.28-18.00.41:101][  0]LogFileHelpers: Loading map 'Minimal_Default' took 0.451
[2017.04.28-18.00.41:146][  0]LogWindowsTextInputMethodSystem:Display: IME system now deactivated.
[2017.04.28-18.00.41:266][  0]LogCollectionManager: Loaded 0 collections in 0.001215 seconds
[2017.04.28-18.00.41:400][  0]LogFileCache: Scanning file cache for directory 'C:/Users/003866797/Documents/Unreal Projects/github/Saved/Collections/' took 0.01s
[2017.04.28-18.00.41:400][  0]LogFileCache: Scanning file cache for directory 'C:/Users/003866797/Documents/Unreal Projects/github/Content/Developers/003866797/Collections/' took 0.01s
[2017.04.28-18.00.41:400][  0]LogFileCache: Scanning file cache for directory 'C:/Users/003866797/Documents/Unreal Projects/github/Content/Collections/' took 0.01s
[2017.04.28-18.00.41:400][  0]LogCollectionManager: Rebuilt the GUID cache for 0 collections in 0.000001 seconds
[2017.04.28-18.00.41:408][  0]LogContentBrowser: Native class hierarchy populated in 0.0080 seconds. Added 2245 classes and 453 folders.
[2017.04.28-18.00.41:410][  0]LogStats: UGameplayTagsManager::ConstructGameplayTagTree: Construct from data asset -  0.000 s
[2017.04.28-18.00.41:410][  0]LogStats: UGameplayTagsManager::ConstructGameplayTagTree: GameplayTagTreeChangedEvent.Broadcast -  0.000 s
[2017.04.28-18.00.41:513][  0]LogContentBrowser: Native class hierarchy updated for 'WidgetCarousel' in 0.0004 seconds. Added 0 classes and 0 folders.
[2017.04.28-18.00.41:563][  0]LogContentBrowser: Native class hierarchy updated for 'AddContentDialog' in 0.0005 seconds. Added 0 classes and 0 folders.
[2017.04.28-18.00.41:634][  0]LogContentBrowser: Native class hierarchy updated for 'SceneOutliner' in 0.0006 seconds. Added 1 classes and 2 folders.
[2017.04.28-18.00.41:692][  0]LogCrashTracker: Crashtracker disabled due to settings.
[2017.04.28-18.00.41:807][  0]LogContentBrowser: Native class hierarchy updated for 'HierarchicalLODOutliner' in 0.0005 seconds. Added 1 classes and 2 folders.
[2017.04.28-18.00.41:807][  0]LogLoad: (Engine Initialization) Total time: 21.93 seconds
[2017.04.28-18.00.41:807][  0]LogLoad: (Engine Initialization) Total Blueprint compile time: 0.10 seconds
[2017.04.28-18.00.41:807][  0]LogExternalProfiler: Found external profiler: VSPerf
[2017.04.28-18.00.41:807][  0]LogExternalProfiler: Using external profiler: VSPerf
[2017.04.28-18.00.41:816][  0]LogOcInput: OculusInput pre-init called
[2017.04.28-18.00.41:833][  0]LogAssetRegistry: Asset discovery search completed in 13.9064 seconds
[2017.04.28-18.00.41:833][  0]LogCollectionManager: Rebuilt the object cache for 0 collections in 0.000003 seconds (found 0 objects)
[2017.04.28-18.00.41:833][  0]LogCollectionManager: Fixed up redirectors for 0 collections in 0.000014 seconds (updated 0 objects)
[2017.04.28-18.00.41:838][  0]LogContentStreaming: Texture pool size now 1000 MB
[2017.04.28-18.00.41:846][  0]LogSlate: Took 0.000546 seconds to synchronously load lazily loaded font '../../../Engine/Content/Slate/Fonts/Roboto-Regular.ttf' (155K)
[2017.04.28-18.00.41:850][  0]LogSlate: Took 0.000572 seconds to synchronously load lazily loaded font '../../../Engine/Content/Slate/Fonts/Roboto-Bold.ttf' (160K)
[2017.04.28-18.00.41:855][  0]LogSlate: Took 0.000663 seconds to synchronously load lazily loaded font '../../../Engine/Content/Editor/Slate/Fonts/FontAwesome.ttf' (139K)
[2017.04.28-18.00.41:956][  0]LogRenderer: Reallocating scene render targets to support 1208x576 NumSamples 1 (Frame:3).
[2017.04.28-18.00.41:956][  0]LogSlate: Took 0.000677 seconds to synchronously load lazily loaded font '../../../Engine/Content/Slate/Fonts/Roboto-Light.ttf' (159K)
[2017.04.28-18.16.30:913][336]SourceControl: Info On branch master
[2017.04.28-18.16.30:913][336]SourceControl: Info Your branch is up-to-date with 'origin/master'.
[2017.04.28-18.16.30:913][336]SourceControl: Info Untracked files:
[2017.04.28-18.16.30:913][336]SourceControl: Info   (use "git add <file>..." to include in what will be committed)
[2017.04.28-18.16.30:913][336]SourceControl: Info 	Config/
[2017.04.28-18.16.30:914][336]SourceControl: Info 	Content/
[2017.04.28-18.16.30:914][336]SourceControl: Info 	Intermediate/
[2017.04.28-18.16.30:914][336]SourceControl: Info 	Saved/
[2017.04.28-18.16.30:914][336]SourceControl: Info 	github.uproject
[2017.04.28-18.16.30:914][336]SourceControl: Info nothing added to commit but untracked files present (use "git add" to track)
[2017.04.28-18.35.07:073][270]LogEditorViewport: Clicking on Actor (LMB): StaticMeshActor (Floor)
[2017.04.28-18.35.07:984][357]LogEditorViewport: Clicking on Actor (LMB): StaticMeshActor (Floor)
[2017.04.28-18.35.08:671][437]LogEditorViewport: Clicking on Actor (LMB): StaticMeshActor (Floor)
[2017.04.28-18.35.18:298][576]Cmd: TRANSACTION UNDO
[2017.04.28-18.35.18:298][576]LogEditorTransaction: Undo Move Actors
[2017.04.28-18.35.18:317][576]LogSlate: Took 0.000265 seconds to synchronously load lazily loaded font '../../../Engine/Content/Slate/Fonts/Roboto-Light.ttf' (159K)
[2017.04.28-18.36.02:036][759]LogSlate: Took 0.000155 seconds to synchronously load lazily loaded font '../../../Engine/Content/Slate/Fonts/Roboto-Light.ttf' (159K)
[2017.04.28-18.36.02:156][759]LogSavePackage: Save=68.01ms
[2017.04.28-18.36.02:156][759]LogSavePackage: Moving '../../../../../../Users/003866797/Documents/Unreal Projects/github/Saved/Minimal_Default_Auto1D822D2F44E8813750CAEE48D8C96F635.tmp' to '../../../../../../Users/003866797/Documents/Unreal Projects/github/Saved/Autosaves/Game/StarterContent/Maps/Minimal_Default_Auto1.umap'
[2017.04.28-18.36.02:157][759]LogSavePackage:Display: Finished SavePackage ../../../../../../Users/003866797/Documents/Unreal Projects/github/Saved/Autosaves/Game/StarterContent/Maps/Minimal_Default_Auto1.umap
[2017.04.28-18.36.02:159][759]LogFileHelpers: Editor autosave (incl. sublevels) for '/Game/StarterContent/Maps/Minimal_Default' took 0.090
[2017.04.28-18.36.02:159][759]LogFileHelpers: Editor autosave (incl. sublevels) for all levels took 0.090
[2017.04.28-18.36.58:427][844]LogSlate: Took 0.002319 seconds to synchronously load lazily loaded font '../../../Engine/Content/Editor/Slate/Fonts/Roboto-Italic.ttf' (157K)
[2017.04.28-18.37.54:586][312]SourceControl: Info On branch master
[2017.04.28-18.37.54:586][312]SourceControl: Info Your branch is up-to-date with 'origin/master'.
[2017.04.28-18.37.54:586][312]SourceControl: Info Changes not staged for commit:
[2017.04.28-18.37.54:586][312]SourceControl: Info   (use "git add <file>..." to update what will be committed)
[2017.04.28-18.37.54:586][312]SourceControl: Info   (use "git checkout -- <file>..." to discard changes in working directory)
[2017.04.28-18.37.54:586][312]SourceControl: Info 	modified:   Saved/Autosaves/PackageRestoreData.json
[2017.04.28-18.37.54:586][312]SourceControl: Info 	modified:   Saved/Config/Windows/EditorPerProjectUserSettings.ini
[2017.04.28-18.37.54:586][312]SourceControl: Info 	modified:   Saved/Config/Windows/SourceControlSettings.ini
[2017.04.28-18.37.54:586][312]SourceControl: Info Untracked files:
[2017.04.28-18.37.54:586][312]SourceControl: Info   (use "git add <file>..." to include in what will be committed)
[2017.04.28-18.37.54:586][312]SourceControl: Info 	Saved/Autosaves/Game/
[2017.04.28-18.37.54:586][312]SourceControl: Info 	Saved/Backup/Minimal_Default_2017-04-28-11-36-02.umap
[2017.04.28-18.37.54:586][312]SourceControl: Info 	Saved/Config/WorldState/
[2017.04.28-18.37.54:586][312]SourceControl: Info no changes added to commit (use "git add" and/or "git commit -a")
[2017.04.28-18.37.54:898][312]LogSavePackage: Save=6.22ms
[2017.04.28-18.37.54:898][312]LogSavePackage: Moving '../../../../../../Users/003866797/Documents/Unreal Projects/github/Saved/Level_1_github_test6BDAEC6F4F5A06EF09E2AF9F4F6F1E6B.tmp' to '../../../../../../Users/003866797/Documents/Unreal Projects/github/Content/Level_1_github_test.umap'
[2017.04.28-18.37.54:901][312]LogSavePackage:Display: Finished SavePackage ../../../../../../Users/003866797/Documents/Unreal Projects/github/Content/Level_1_github_test.umap
[2017.04.28-18.37.55:399][312]LogFileHelpers: Saving map 'Level_1_github_test' took 0.636
